<?xml version="1.0" encoding="UTF-8"?>
<testsuites name="1 Positive Test Suite Case" time="261.439" tests="5" failures="0" errors="0">
   <testsuite name="1 Positive Test Suite Case" tests="5" failures="0" errors="0" time="261.439" skipped="0" timestamp="13-02-2024T10:58:46" hostname="ACER - LAPTOP-DI70DTOM" id="Test Suites/1 Positive Test Suite Case">
      <properties>
         <property name="deviceName" value="emulator-5554 (Android SDK built for x86 - Android 8.1.0)"/>
         <property name="devicePlatform" value=""/>
         <property name="logFolder" value="C:\\Users\\ACER\\git\\Assigment-3-QA-MOBILE\\Reports\\20240213_105838\\1 Positive Test Suite Case\\20240213_105838"/>
         <property name="logFiles" value="C:\\Users\\ACER\\git\\Assigment-3-QA-MOBILE\\Reports\\20240213_105838\\1 Positive Test Suite Case\\20240213_105838\\appium.log, C:\\Users\\ACER\\git\\Assigment-3-QA-MOBILE\\Reports\\20240213_105838\\1 Positive Test Suite Case\\20240213_105838\\appium_error.log, C:\\Users\\ACER\\git\\Assigment-3-QA-MOBILE\\Reports\\20240213_105838\\1 Positive Test Suite Case\\20240213_105838\\execution0.log"/>
         <property name="attachments" value=""/>
         <property name="hostName" value="ACER - LAPTOP-DI70DTOM"/>
         <property name="os" value="Windows 11 64bit"/>
         <property name="appiumServerStatus" value="{&quot;value&quot;:{&quot;ready&quot;:true,&quot;message&quot;:&quot;The server is ready to accept new connections&quot;,&quot;build&quot;:{&quot;version&quot;:&quot;2.5.0&quot;}}}"/>
         <property name="katalonVersion" value="9.3.0.212"/>
         <property name="deviceOS" value="Android"/>
         <property name="appiumVersion" value="2.5.0"/>
         <property name="deviceModel" value="Android SDK built for x86"/>
         <property name="hostAddress" value="172.16.213.178"/>
         <property name="deviceManufacturer" value="Google"/>
         <property name="deviceId" value="emulator-5554"/>
         <property name="deviceName" value="emulator-5554 (Android SDK built for x86 - Android 8.1.0)"/>
         <property name="deviceOSVersion" value="8.1.0"/>
      </properties>
      <testcase name="Test Cases/1 Test Case Checkout" time="78.568" classname="Test Cases/1 Test Case Checkout" status="PASSED">
         <system-out><![CDATA[13-02-2024T10:58:46 - [TEST_CASE][PASSED] - Test Cases/1 Test Case Checkout: Test Cases/1 Test Case Checkout

13-02-2024T10:58:47 - [TEST_STEP][PASSED] - startApplication("C:\Users\ACER\Downloads\android\Android-Solodroid_E-CommerceApp Demo_3.2.0.apk\Solodroid_E-CommerceApp Demo_3.2.0.apk", true): Started app at: 'C:\Users\ACER\Downloads\android\Android-Solodroid_E-CommerceApp Demo_3.2.0.apk\Solodroid_E-CommerceApp Demo_3.2.0.apk'

13-02-2024T10:58:48 - [MESSAGE][INFO] - Detected NodeJS location: "C:\Program Files\nodejs\node.exe"

13-02-2024T10:58:59 - [MESSAGE][INFO] - PATH: C:\Program Files\nodejs;

13-02-2024T10:58:59 - [MESSAGE][INFO] - APPIUM_HOME: C:\Users\ACER\.appium

13-02-2024T10:58:59 - [MESSAGE][INFO] - appium outlog: C:\Users\ACER\git\Assigment-3-QA-MOBILE\Reports\20240213_105838\1 Positive Test Suite Case\20240213_105838\appium.log

13-02-2024T10:58:59 - [MESSAGE][INFO] - appium errlog: C:\Users\ACER\git\Assigment-3-QA-MOBILE\Reports\20240213_105838\1 Positive Test Suite Case\20240213_105838\appium_error.log

13-02-2024T10:59:03 - [MESSAGE][INFO] - Appium server started on port 27,949

13-02-2024T10:59:23 - [MESSAGE][PASSED] - Started app at: 'C:\Users\ACER\Downloads\android\Android-Solodroid_E-CommerceApp Demo_3.2.0.apk\Solodroid_E-CommerceApp Demo_3.2.0.apk'

13-02-2024T10:59:23 - [TEST_STEP][PASSED] - tap(findTestObject("Object Repository/1 Checkout Feature/android.widget.TextView"), 0): Tapped on element 'Object Repository/1 Checkout Feature/android.widget.TextView'

13-02-2024T10:59:23 - [MESSAGE][WARNING] - Timeout '0' is invalid. Using default page load timeout: '30'

13-02-2024T10:59:27 - [MESSAGE][PASSED] - Tapped on element 'Object Repository/1 Checkout Feature/android.widget.TextView'

13-02-2024T10:59:27 - [TEST_STEP][PASSED] - setText(findTestObject("Object Repository/1 Checkout Feature/android.widget.EditText - Search"), "samsung", 0): Text 'samsung' has been set to element 'Object Repository/1 Checkout Feature/android.widget.EditText - Search'

13-02-2024T10:59:28 - [MESSAGE][WARNING] - Timeout '0' is invalid. Using default page load timeout: '30'

13-02-2024T10:59:32 - [MESSAGE][PASSED] - Text 'samsung' has been set to element 'Object Repository/1 Checkout Feature/android.widget.EditText - Search'

13-02-2024T10:59:32 - [TEST_STEP][PASSED] - hideKeyboard(): Keyboard is hidden

13-02-2024T10:59:33 - [MESSAGE][PASSED] - Keyboard is hidden

13-02-2024T10:59:33 - [TEST_STEP][PASSED] - tap(findTestObject("Object Repository/1 Checkout Feature/android.widget.ImageView"), 0): Tapped on element 'Object Repository/1 Checkout Feature/android.widget.ImageView'

13-02-2024T10:59:33 - [MESSAGE][WARNING] - Timeout '0' is invalid. Using default page load timeout: '30'

13-02-2024T10:59:34 - [MESSAGE][PASSED] - Tapped on element 'Object Repository/1 Checkout Feature/android.widget.ImageView'

13-02-2024T10:59:34 - [TEST_STEP][PASSED] - tap(findTestObject("Object Repository/1 Checkout Feature/android.widget.Button - ADD TO CART"), 0): Tapped on element 'Object Repository/1 Checkout Feature/android.widget.Button - ADD TO CART'

13-02-2024T10:59:34 - [MESSAGE][WARNING] - Timeout '0' is invalid. Using default page load timeout: '30'

13-02-2024T10:59:38 - [MESSAGE][PASSED] - Tapped on element 'Object Repository/1 Checkout Feature/android.widget.Button - ADD TO CART'

13-02-2024T10:59:38 - [TEST_STEP][PASSED] - setText(findTestObject("Object Repository/1 Checkout Feature/android.widget.EditText"), "1", 0): Text '1' has been set to element 'Object Repository/1 Checkout Feature/android.widget.EditText'

13-02-2024T10:59:38 - [MESSAGE][WARNING] - Timeout '0' is invalid. Using default page load timeout: '30'

13-02-2024T10:59:41 - [MESSAGE][PASSED] - Text '1' has been set to element 'Object Repository/1 Checkout Feature/android.widget.EditText'

13-02-2024T10:59:41 - [TEST_STEP][PASSED] - tap(findTestObject("Object Repository/1 Checkout Feature/android.widget.Button - ADD"), 0): Tapped on element 'Object Repository/1 Checkout Feature/android.widget.Button - ADD'

13-02-2024T10:59:41 - [MESSAGE][WARNING] - Timeout '0' is invalid. Using default page load timeout: '30'

13-02-2024T10:59:42 - [MESSAGE][PASSED] - Tapped on element 'Object Repository/1 Checkout Feature/android.widget.Button - ADD'

13-02-2024T10:59:42 - [TEST_STEP][PASSED] - tap(findTestObject("Object Repository/1 Checkout Feature/android.widget.TextView (1)"), 0): Tapped on element 'Object Repository/1 Checkout Feature/android.widget.TextView (1)'

13-02-2024T10:59:42 - [MESSAGE][WARNING] - Timeout '0' is invalid. Using default page load timeout: '30'

13-02-2024T10:59:43 - [MESSAGE][PASSED] - Tapped on element 'Object Repository/1 Checkout Feature/android.widget.TextView (1)'

13-02-2024T10:59:43 - [TEST_STEP][PASSED] - tap(findTestObject("Object Repository/1 Checkout Feature/android.widget.Button - CHECKOUT"), 0): Tapped on element 'Object Repository/1 Checkout Feature/android.widget.Button - CHECKOUT'

13-02-2024T10:59:43 - [MESSAGE][WARNING] - Timeout '0' is invalid. Using default page load timeout: '30'

13-02-2024T10:59:44 - [MESSAGE][PASSED] - Tapped on element 'Object Repository/1 Checkout Feature/android.widget.Button - CHECKOUT'

13-02-2024T10:59:44 - [TEST_STEP][PASSED] - setText(findTestObject("Object Repository/1 Checkout Feature/android.widget.EditText - Your Name"), "yudha", 0): Text 'yudha' has been set to element 'Object Repository/1 Checkout Feature/android.widget.EditText - Your Name'

13-02-2024T10:59:44 - [MESSAGE][WARNING] - Timeout '0' is invalid. Using default page load timeout: '30'

13-02-2024T10:59:48 - [MESSAGE][PASSED] - Text 'yudha' has been set to element 'Object Repository/1 Checkout Feature/android.widget.EditText - Your Name'

13-02-2024T10:59:48 - [TEST_STEP][PASSED] - setText(findTestObject("Object Repository/1 Checkout Feature/android.widget.EditText - your.emailgmail.com"), "yudha@gmail.com", 0): Text 'yudha@gmail.com' has been set to element 'Object Repository/1 Checkout Feature/android.widget.EditText - your.emailgmail.com'

13-02-2024T10:59:48 - [MESSAGE][WARNING] - Timeout '0' is invalid. Using default page load timeout: '30'

13-02-2024T10:59:51 - [MESSAGE][PASSED] - Text 'yudha@gmail.com' has been set to element 'Object Repository/1 Checkout Feature/android.widget.EditText - your.emailgmail.com'

13-02-2024T10:59:51 - [TEST_STEP][PASSED] - setText(findTestObject("Object Repository/1 Checkout Feature/android.widget.EditText - 628123456789"), "+6281353081122", 0): Text '+6281353081122' has been set to element 'Object Repository/1 Checkout Feature/android.widget.EditText - 628123456789'

13-02-2024T10:59:51 - [MESSAGE][WARNING] - Timeout '0' is invalid. Using default page load timeout: '30'

13-02-2024T10:59:53 - [MESSAGE][PASSED] - Text '+6281353081122' has been set to element 'Object Repository/1 Checkout Feature/android.widget.EditText - 628123456789'

13-02-2024T10:59:53 - [TEST_STEP][PASSED] - setText(findTestObject("Object Repository/1 Checkout Feature/android.widget.EditText - Your Address"), "Jalan Medan Merdeka No 5 Jakarta", 0): Text 'Jalan Medan Merdeka No 5 Jakarta' has been set to element 'Object Repository/1 Checkout Feature/android.widget.EditText - Your Address'

13-02-2024T10:59:53 - [MESSAGE][WARNING] - Timeout '0' is invalid. Using default page load timeout: '30'

13-02-2024T10:59:56 - [MESSAGE][PASSED] - Text 'Jalan Medan Merdeka No 5 Jakarta' has been set to element 'Object Repository/1 Checkout Feature/android.widget.EditText - Your Address'

13-02-2024T10:59:56 - [TEST_STEP][PASSED] - hideKeyboard(): Keyboard is hidden

13-02-2024T10:59:57 - [MESSAGE][PASSED] - Keyboard is hidden

13-02-2024T10:59:57 - [TEST_STEP][PASSED] - setText(findTestObject("Object Repository/1 Checkout Feature/android.widget.EditText - Comment"), "nice product", 0): Text 'nice product' has been set to element 'Object Repository/1 Checkout Feature/android.widget.EditText - Comment'

13-02-2024T10:59:57 - [MESSAGE][WARNING] - Timeout '0' is invalid. Using default page load timeout: '30'

13-02-2024T11:00:00 - [MESSAGE][PASSED] - Text 'nice product' has been set to element 'Object Repository/1 Checkout Feature/android.widget.EditText - Comment'

13-02-2024T11:00:00 - [TEST_STEP][PASSED] - hideKeyboard(): Keyboard is hidden

13-02-2024T11:00:00 - [MESSAGE][PASSED] - Keyboard is hidden

13-02-2024T11:00:00 - [TEST_STEP][PASSED] - closeApplication(): Close app successfully

13-02-2024T11:00:02 - [MESSAGE][INFO] - Cannot close application! An unknown server-side error occurred while processing the command. Original error: 'com.solodroid.solomerce' is still running after 500ms timeout
Build info: version: '3.141.59', revision: 'e82be7d358', time: '2018-11-14T08:25:53'
System info: host: 'LAPTOP-DI70DTOM', ip: '172.16.213.178', os.name: 'Windows 11', os.arch: 'amd64', os.version: '10.0', java.version: '17.0.7'
Driver info: com.kms.katalon.core.appium.driver.SwipeableAndroidDriver
Capabilities {app: C:\Users\ACER\Downloads\and..., appPackage: com.solodroid.solomerce, autoGrantPermissions: true, automationName: uiautomator2, databaseEnabled: false, desired: {app: C:\Users\ACER\Downloads\and..., autoGrantPermissions: true, automationName: uiautomator2, deviceName: emulator-5554 (Android SDK ..., fullReset: true, newCommandTimeout: 1800, noReset: false, platformName: android, platformVersion: 8.1.0, systemPort: 27947, udid: emulator-5554}, deviceApiLevel: 27, deviceManufacturer: Google, deviceModel: Android SDK built for x86, deviceName: emulator-5554, deviceScreenDensity: 420, deviceScreenSize: 1080x2400, deviceUDID: emulator-5554, fullReset: true, javascriptEnabled: true, locationContextEnabled: false, networkConnectionEnabled: true, newCommandTimeout: 1800, noReset: false, pixelRatio: 2.625, platform: LINUX, platformName: Android, platformVersion: 8.1.0, statBarHeight: 63, systemPort: 27947, takesScreenshot: true, udid: emulator-5554, viewportRect: {height: 2337, left: 0, top: 63, width: 1080}, warnings: {}, webStorageEnabled: false}
Session ID: 89dcdd81-7886-4e61-9359-4295bfbe51ad

13-02-2024T11:00:03 - [MESSAGE][PASSED] - Close app successfully

13-02-2024T11:00:05 - [TEST_STEP][PASSED] - Video: Video recording for test case 'Test Cases/1 Test Case Checkout' .

13-02-2024T11:00:05 - [MESSAGE][INFO] - Video recording for test case 'Test Cases/1 Test Case Checkout' .]]></system-out>
         <system-err><![CDATA[]]></system-err>
      </testcase>
      <testcase name="Test Cases/2 Test Case Search Item" time="46.588" classname="Test Cases/2 Test Case Search Item" status="PASSED">
         <system-out><![CDATA[13-02-2024T11:00:05 - [TEST_CASE][PASSED] - Test Cases/2 Test Case Search Item: Test Cases/2 Test Case Search Item

13-02-2024T11:00:05 - [TEST_STEP][PASSED] - startApplication("C:\Users\ACER\Downloads\android\Android-Solodroid_E-CommerceApp Demo_3.2.0.apk\Solodroid_E-CommerceApp Demo_3.2.0.apk", true): Started app at: 'C:\Users\ACER\Downloads\android\Android-Solodroid_E-CommerceApp Demo_3.2.0.apk\Solodroid_E-CommerceApp Demo_3.2.0.apk'

13-02-2024T11:00:05 - [MESSAGE][INFO] - Detected NodeJS location: "C:\Program Files\nodejs\node.exe"

13-02-2024T11:00:16 - [MESSAGE][INFO] - PATH: C:\Program Files\nodejs;

13-02-2024T11:00:16 - [MESSAGE][INFO] - APPIUM_HOME: C:\Users\ACER\.appium

13-02-2024T11:00:16 - [MESSAGE][INFO] - appium outlog: C:\Users\ACER\git\Assigment-3-QA-MOBILE\Reports\20240213_105838\1 Positive Test Suite Case\20240213_105838\appium.log

13-02-2024T11:00:16 - [MESSAGE][INFO] - appium errlog: C:\Users\ACER\git\Assigment-3-QA-MOBILE\Reports\20240213_105838\1 Positive Test Suite Case\20240213_105838\appium_error.log

13-02-2024T11:00:19 - [MESSAGE][INFO] - Appium server started on port 28,347

13-02-2024T11:00:31 - [MESSAGE][PASSED] - Started app at: 'C:\Users\ACER\Downloads\android\Android-Solodroid_E-CommerceApp Demo_3.2.0.apk\Solodroid_E-CommerceApp Demo_3.2.0.apk'

13-02-2024T11:00:31 - [TEST_STEP][PASSED] - tap(findTestObject("Object Repository/1 Checkout Feature/android.widget.TextView"), 0): Tapped on element 'Object Repository/1 Checkout Feature/android.widget.TextView'

13-02-2024T11:00:31 - [MESSAGE][WARNING] - Timeout '0' is invalid. Using default page load timeout: '30'

13-02-2024T11:00:36 - [MESSAGE][PASSED] - Tapped on element 'Object Repository/1 Checkout Feature/android.widget.TextView'

13-02-2024T11:00:36 - [TEST_STEP][PASSED] - setText(findTestObject("Object Repository/1 Checkout Feature/android.widget.EditText - Search"), "samsung", 0): Text 'samsung' has been set to element 'Object Repository/1 Checkout Feature/android.widget.EditText - Search'

13-02-2024T11:00:36 - [MESSAGE][WARNING] - Timeout '0' is invalid. Using default page load timeout: '30'

13-02-2024T11:00:39 - [MESSAGE][PASSED] - Text 'samsung' has been set to element 'Object Repository/1 Checkout Feature/android.widget.EditText - Search'

13-02-2024T11:00:39 - [TEST_STEP][PASSED] - hideKeyboard(): Keyboard is hidden

13-02-2024T11:00:41 - [MESSAGE][PASSED] - Keyboard is hidden

13-02-2024T11:00:41 - [TEST_STEP][PASSED] - tap(findTestObject("Object Repository/1 Checkout Feature/android.widget.ImageView"), 0): Tapped on element 'Object Repository/1 Checkout Feature/android.widget.ImageView'

13-02-2024T11:00:41 - [MESSAGE][WARNING] - Timeout '0' is invalid. Using default page load timeout: '30'

13-02-2024T11:00:42 - [MESSAGE][PASSED] - Tapped on element 'Object Repository/1 Checkout Feature/android.widget.ImageView'

13-02-2024T11:00:42 - [TEST_STEP][PASSED] - delay(5): Delayed 5 second(s)

13-02-2024T11:00:47 - [MESSAGE][PASSED] - Delayed 5 second(s)

13-02-2024T11:00:47 - [TEST_STEP][PASSED] - closeApplication(): Close app successfully

13-02-2024T11:00:49 - [MESSAGE][INFO] - Cannot close application! An unknown server-side error occurred while processing the command. Original error: 'com.solodroid.solomerce' is still running after 500ms timeout
Build info: version: '3.141.59', revision: 'e82be7d358', time: '2018-11-14T08:25:53'
System info: host: 'LAPTOP-DI70DTOM', ip: '172.16.213.178', os.name: 'Windows 11', os.arch: 'amd64', os.version: '10.0', java.version: '17.0.7'
Driver info: com.kms.katalon.core.appium.driver.SwipeableAndroidDriver
Capabilities {app: C:\Users\ACER\Downloads\and..., appPackage: com.solodroid.solomerce, autoGrantPermissions: true, automationName: uiautomator2, databaseEnabled: false, desired: {app: C:\Users\ACER\Downloads\and..., autoGrantPermissions: true, automationName: uiautomator2, deviceName: emulator-5554 (Android SDK ..., fullReset: true, newCommandTimeout: 1800, noReset: false, platformName: android, platformVersion: 8.1.0, systemPort: 28344, udid: emulator-5554}, deviceApiLevel: 27, deviceManufacturer: Google, deviceModel: Android SDK built for x86, deviceName: emulator-5554, deviceScreenDensity: 420, deviceScreenSize: 1080x2400, deviceUDID: emulator-5554, fullReset: true, javascriptEnabled: true, locationContextEnabled: false, networkConnectionEnabled: true, newCommandTimeout: 1800, noReset: false, pixelRatio: 2.625, platform: LINUX, platformName: Android, platformVersion: 8.1.0, statBarHeight: 63, systemPort: 28344, takesScreenshot: true, udid: emulator-5554, viewportRect: {height: 2337, left: 0, top: 63, width: 1080}, warnings: {}, webStorageEnabled: false}
Session ID: ff890de2-e649-4571-ab12-5bea39442f81

13-02-2024T11:00:49 - [MESSAGE][PASSED] - Close app successfully

13-02-2024T11:00:51 - [TEST_STEP][PASSED] - Video: Video recording for test case 'Test Cases/2 Test Case Search Item' .

13-02-2024T11:00:51 - [MESSAGE][INFO] - Video recording for test case 'Test Cases/2 Test Case Search Item' .]]></system-out>
         <system-err><![CDATA[]]></system-err>
      </testcase>
      <testcase name="Test Cases/3 Add to chart" time="46.572" classname="Test Cases/3 Add to chart" status="PASSED">
         <system-out><![CDATA[13-02-2024T11:00:51 - [TEST_CASE][PASSED] - Test Cases/3 Add to chart: Test Cases/3 Add to chart

13-02-2024T11:00:52 - [TEST_STEP][PASSED] - startApplication("C:\Users\ACER\Downloads\android\Android-Solodroid_E-CommerceApp Demo_3.2.0.apk\Solodroid_E-CommerceApp Demo_3.2.0.apk", true): Started app at: 'C:\Users\ACER\Downloads\android\Android-Solodroid_E-CommerceApp Demo_3.2.0.apk\Solodroid_E-CommerceApp Demo_3.2.0.apk'

13-02-2024T11:00:52 - [MESSAGE][INFO] - Detected NodeJS location: "C:\Program Files\nodejs\node.exe"

13-02-2024T11:00:57 - [MESSAGE][INFO] - PATH: C:\Program Files\nodejs;

13-02-2024T11:00:57 - [MESSAGE][INFO] - APPIUM_HOME: C:\Users\ACER\.appium

13-02-2024T11:00:57 - [MESSAGE][INFO] - appium outlog: C:\Users\ACER\git\Assigment-3-QA-MOBILE\Reports\20240213_105838\1 Positive Test Suite Case\20240213_105838\appium.log

13-02-2024T11:00:57 - [MESSAGE][INFO] - appium errlog: C:\Users\ACER\git\Assigment-3-QA-MOBILE\Reports\20240213_105838\1 Positive Test Suite Case\20240213_105838\appium_error.log

13-02-2024T11:01:01 - [MESSAGE][INFO] - Appium server started on port 28,696

13-02-2024T11:01:10 - [MESSAGE][PASSED] - Started app at: 'C:\Users\ACER\Downloads\android\Android-Solodroid_E-CommerceApp Demo_3.2.0.apk\Solodroid_E-CommerceApp Demo_3.2.0.apk'

13-02-2024T11:01:10 - [TEST_STEP][PASSED] - tap(findTestObject("Object Repository/1 Checkout Feature/android.widget.TextView"), 0): Tapped on element 'Object Repository/1 Checkout Feature/android.widget.TextView'

13-02-2024T11:01:10 - [MESSAGE][WARNING] - Timeout '0' is invalid. Using default page load timeout: '30'

13-02-2024T11:01:15 - [MESSAGE][PASSED] - Tapped on element 'Object Repository/1 Checkout Feature/android.widget.TextView'

13-02-2024T11:01:15 - [TEST_STEP][PASSED] - setText(findTestObject("Object Repository/1 Checkout Feature/android.widget.EditText - Search"), "samsung", 0): Text 'samsung' has been set to element 'Object Repository/1 Checkout Feature/android.widget.EditText - Search'

13-02-2024T11:01:15 - [MESSAGE][WARNING] - Timeout '0' is invalid. Using default page load timeout: '30'

13-02-2024T11:01:18 - [MESSAGE][PASSED] - Text 'samsung' has been set to element 'Object Repository/1 Checkout Feature/android.widget.EditText - Search'

13-02-2024T11:01:18 - [TEST_STEP][PASSED] - hideKeyboard(): Keyboard is hidden

13-02-2024T11:01:19 - [MESSAGE][PASSED] - Keyboard is hidden

13-02-2024T11:01:19 - [TEST_STEP][PASSED] - tap(findTestObject("Object Repository/1 Checkout Feature/android.widget.ImageView"), 0): Tapped on element 'Object Repository/1 Checkout Feature/android.widget.ImageView'

13-02-2024T11:01:19 - [MESSAGE][WARNING] - Timeout '0' is invalid. Using default page load timeout: '30'

13-02-2024T11:01:21 - [MESSAGE][PASSED] - Tapped on element 'Object Repository/1 Checkout Feature/android.widget.ImageView'

13-02-2024T11:01:21 - [TEST_STEP][PASSED] - tap(findTestObject("Object Repository/1 Checkout Feature/android.widget.Button - ADD TO CART"), 0): Tapped on element 'Object Repository/1 Checkout Feature/android.widget.Button - ADD TO CART'

13-02-2024T11:01:21 - [MESSAGE][WARNING] - Timeout '0' is invalid. Using default page load timeout: '30'

13-02-2024T11:01:23 - [MESSAGE][PASSED] - Tapped on element 'Object Repository/1 Checkout Feature/android.widget.Button - ADD TO CART'

13-02-2024T11:01:23 - [TEST_STEP][PASSED] - setText(findTestObject("Object Repository/1 Checkout Feature/android.widget.EditText"), "1", 0): Text '1' has been set to element 'Object Repository/1 Checkout Feature/android.widget.EditText'

13-02-2024T11:01:23 - [MESSAGE][WARNING] - Timeout '0' is invalid. Using default page load timeout: '30'

13-02-2024T11:01:26 - [MESSAGE][PASSED] - Text '1' has been set to element 'Object Repository/1 Checkout Feature/android.widget.EditText'

13-02-2024T11:01:26 - [TEST_STEP][PASSED] - tap(findTestObject("Object Repository/1 Checkout Feature/android.widget.Button - ADD"), 0): Tapped on element 'Object Repository/1 Checkout Feature/android.widget.Button - ADD'

13-02-2024T11:01:26 - [MESSAGE][WARNING] - Timeout '0' is invalid. Using default page load timeout: '30'

13-02-2024T11:01:27 - [MESSAGE][PASSED] - Tapped on element 'Object Repository/1 Checkout Feature/android.widget.Button - ADD'

13-02-2024T11:01:27 - [TEST_STEP][PASSED] - tap(findTestObject("Object Repository/1 Checkout Feature/android.widget.TextView (1)"), 0): Tapped on element 'Object Repository/1 Checkout Feature/android.widget.TextView (1)'

13-02-2024T11:01:27 - [MESSAGE][WARNING] - Timeout '0' is invalid. Using default page load timeout: '30'

13-02-2024T11:01:28 - [MESSAGE][PASSED] - Tapped on element 'Object Repository/1 Checkout Feature/android.widget.TextView (1)'

13-02-2024T11:01:28 - [TEST_STEP][PASSED] - delay(5): Delayed 5 second(s)

13-02-2024T11:01:33 - [MESSAGE][PASSED] - Delayed 5 second(s)

13-02-2024T11:01:33 - [TEST_STEP][PASSED] - closeApplication(): Close app successfully

13-02-2024T11:01:35 - [MESSAGE][INFO] - Cannot close application! An unknown server-side error occurred while processing the command. Original error: 'com.solodroid.solomerce' is still running after 500ms timeout
Build info: version: '3.141.59', revision: 'e82be7d358', time: '2018-11-14T08:25:53'
System info: host: 'LAPTOP-DI70DTOM', ip: '172.16.213.178', os.name: 'Windows 11', os.arch: 'amd64', os.version: '10.0', java.version: '17.0.7'
Driver info: com.kms.katalon.core.appium.driver.SwipeableAndroidDriver
Capabilities {app: C:\Users\ACER\Downloads\and..., appPackage: com.solodroid.solomerce, autoGrantPermissions: true, automationName: uiautomator2, databaseEnabled: false, desired: {app: C:\Users\ACER\Downloads\and..., autoGrantPermissions: true, automationName: uiautomator2, deviceName: emulator-5554 (Android SDK ..., fullReset: true, newCommandTimeout: 1800, noReset: false, platformName: android, platformVersion: 8.1.0, systemPort: 28694, udid: emulator-5554}, deviceApiLevel: 27, deviceManufacturer: Google, deviceModel: Android SDK built for x86, deviceName: emulator-5554, deviceScreenDensity: 420, deviceScreenSize: 1080x2400, deviceUDID: emulator-5554, fullReset: true, javascriptEnabled: true, locationContextEnabled: false, networkConnectionEnabled: true, newCommandTimeout: 1800, noReset: false, pixelRatio: 2.625, platform: LINUX, platformName: Android, platformVersion: 8.1.0, statBarHeight: 63, systemPort: 28694, takesScreenshot: true, udid: emulator-5554, viewportRect: {height: 2337, left: 0, top: 63, width: 1080}, warnings: {}, webStorageEnabled: false}
Session ID: ee8e0ad5-c85f-4144-8a50-373b72df14b6

13-02-2024T11:01:36 - [MESSAGE][PASSED] - Close app successfully

13-02-2024T11:01:38 - [TEST_STEP][PASSED] - Video: Video recording for test case 'Test Cases/3 Add to chart' .

13-02-2024T11:01:38 - [MESSAGE][INFO] - Video recording for test case 'Test Cases/3 Add to chart' .]]></system-out>
         <system-err><![CDATA[]]></system-err>
      </testcase>
      <testcase name="Test Cases/4 Test Case Kategori" time="48.646" classname="Test Cases/4 Test Case Kategori" status="PASSED">
         <system-out><![CDATA[13-02-2024T11:01:38 - [TEST_CASE][PASSED] - Test Cases/4 Test Case Kategori: Test Cases/4 Test Case Kategori

13-02-2024T11:01:38 - [TEST_STEP][PASSED] - startApplication("C:\Users\ACER\Downloads\android\Android-Solodroid_E-CommerceApp Demo_3.2.0.apk\Solodroid_E-CommerceApp Demo_3.2.0.apk", true): Started app at: 'C:\Users\ACER\Downloads\android\Android-Solodroid_E-CommerceApp Demo_3.2.0.apk\Solodroid_E-CommerceApp Demo_3.2.0.apk'

13-02-2024T11:01:38 - [MESSAGE][INFO] - Detected NodeJS location: "C:\Program Files\nodejs\node.exe"

13-02-2024T11:01:49 - [MESSAGE][INFO] - PATH: C:\Program Files\nodejs;

13-02-2024T11:01:49 - [MESSAGE][INFO] - APPIUM_HOME: C:\Users\ACER\.appium

13-02-2024T11:01:49 - [MESSAGE][INFO] - appium outlog: C:\Users\ACER\git\Assigment-3-QA-MOBILE\Reports\20240213_105838\1 Positive Test Suite Case\20240213_105838\appium.log

13-02-2024T11:01:49 - [MESSAGE][INFO] - appium errlog: C:\Users\ACER\git\Assigment-3-QA-MOBILE\Reports\20240213_105838\1 Positive Test Suite Case\20240213_105838\appium_error.log

13-02-2024T11:01:54 - [MESSAGE][INFO] - Appium server started on port 29,013

13-02-2024T11:02:03 - [MESSAGE][PASSED] - Started app at: 'C:\Users\ACER\Downloads\android\Android-Solodroid_E-CommerceApp Demo_3.2.0.apk\Solodroid_E-CommerceApp Demo_3.2.0.apk'

13-02-2024T11:02:03 - [TEST_STEP][PASSED] - tap(findTestObject("Object Repository/2 Fitur Kategori/android.widget.FrameLayout"), 0): Tapped on element 'Object Repository/2 Fitur Kategori/android.widget.FrameLayout'

13-02-2024T11:02:03 - [MESSAGE][WARNING] - Timeout '0' is invalid. Using default page load timeout: '30'

13-02-2024T11:02:08 - [MESSAGE][PASSED] - Tapped on element 'Object Repository/2 Fitur Kategori/android.widget.FrameLayout'

13-02-2024T11:02:08 - [TEST_STEP][PASSED] - tap(findTestObject("Object Repository/2 Fitur Kategori/android.widget.RelativeLayout"), 0): Tapped on element 'Object Repository/2 Fitur Kategori/android.widget.RelativeLayout'

13-02-2024T11:02:08 - [MESSAGE][WARNING] - Timeout '0' is invalid. Using default page load timeout: '30'

13-02-2024T11:02:10 - [MESSAGE][PASSED] - Tapped on element 'Object Repository/2 Fitur Kategori/android.widget.RelativeLayout'

13-02-2024T11:02:10 - [TEST_STEP][PASSED] - tap(findTestObject("Object Repository/2 Fitur Kategori/android.widget.ImageView"), 0): Tapped on element 'Object Repository/2 Fitur Kategori/android.widget.ImageView'

13-02-2024T11:02:10 - [MESSAGE][WARNING] - Timeout '0' is invalid. Using default page load timeout: '30'

13-02-2024T11:02:11 - [MESSAGE][PASSED] - Tapped on element 'Object Repository/2 Fitur Kategori/android.widget.ImageView'

13-02-2024T11:02:11 - [TEST_STEP][PASSED] - tap(findTestObject("Object Repository/2 Fitur Kategori/android.widget.ImageButton"), 0): Tapped on element 'Object Repository/2 Fitur Kategori/android.widget.ImageButton'

13-02-2024T11:02:11 - [MESSAGE][WARNING] - Timeout '0' is invalid. Using default page load timeout: '30'

13-02-2024T11:02:11 - [MESSAGE][PASSED] - Tapped on element 'Object Repository/2 Fitur Kategori/android.widget.ImageButton'

13-02-2024T11:02:11 - [TEST_STEP][PASSED] - tap(findTestObject("Object Repository/2 Fitur Kategori/android.widget.ImageButton"), 0): Tapped on element 'Object Repository/2 Fitur Kategori/android.widget.ImageButton'

13-02-2024T11:02:11 - [MESSAGE][WARNING] - Timeout '0' is invalid. Using default page load timeout: '30'

13-02-2024T11:02:13 - [MESSAGE][PASSED] - Tapped on element 'Object Repository/2 Fitur Kategori/android.widget.ImageButton'

13-02-2024T11:02:13 - [TEST_STEP][PASSED] - tap(findTestObject("Object Repository/2 Fitur Kategori/android.widget.RelativeLayout (1)"), 0): Tapped on element 'Object Repository/2 Fitur Kategori/android.widget.RelativeLayout (1)'

13-02-2024T11:02:13 - [MESSAGE][WARNING] - Timeout '0' is invalid. Using default page load timeout: '30'

13-02-2024T11:02:16 - [MESSAGE][PASSED] - Tapped on element 'Object Repository/2 Fitur Kategori/android.widget.RelativeLayout (1)'

13-02-2024T11:02:16 - [TEST_STEP][PASSED] - tap(findTestObject("Object Repository/2 Fitur Kategori/android.widget.ImageView (1)"), 0): Tapped on element 'Object Repository/2 Fitur Kategori/android.widget.ImageView (1)'

13-02-2024T11:02:16 - [MESSAGE][WARNING] - Timeout '0' is invalid. Using default page load timeout: '30'

13-02-2024T11:02:16 - [MESSAGE][PASSED] - Tapped on element 'Object Repository/2 Fitur Kategori/android.widget.ImageView (1)'

13-02-2024T11:02:16 - [TEST_STEP][PASSED] - tap(findTestObject("Object Repository/2 Fitur Kategori/android.widget.ImageButton (1)"), 0): Tapped on element 'Object Repository/2 Fitur Kategori/android.widget.ImageButton (1)'

13-02-2024T11:02:16 - [MESSAGE][WARNING] - Timeout '0' is invalid. Using default page load timeout: '30'

13-02-2024T11:02:16 - [MESSAGE][PASSED] - Tapped on element 'Object Repository/2 Fitur Kategori/android.widget.ImageButton (1)'

13-02-2024T11:02:16 - [TEST_STEP][PASSED] - tap(findTestObject("Object Repository/2 Fitur Kategori/android.widget.ImageButton"), 0): Tapped on element 'Object Repository/2 Fitur Kategori/android.widget.ImageButton'

13-02-2024T11:02:16 - [MESSAGE][WARNING] - Timeout '0' is invalid. Using default page load timeout: '30'

13-02-2024T11:02:18 - [MESSAGE][PASSED] - Tapped on element 'Object Repository/2 Fitur Kategori/android.widget.ImageButton'

13-02-2024T11:02:18 - [TEST_STEP][PASSED] - delay(5): Delayed 5 second(s)

13-02-2024T11:02:23 - [MESSAGE][PASSED] - Delayed 5 second(s)

13-02-2024T11:02:23 - [TEST_STEP][PASSED] - closeApplication(): Close app successfully

13-02-2024T11:02:25 - [MESSAGE][PASSED] - Close app successfully

13-02-2024T11:02:27 - [TEST_STEP][PASSED] - Video: Video recording for test case 'Test Cases/4 Test Case Kategori' .

13-02-2024T11:02:27 - [MESSAGE][INFO] - Video recording for test case 'Test Cases/4 Test Case Kategori' .]]></system-out>
         <system-err><![CDATA[]]></system-err>
      </testcase>
      <testcase name="Test Cases/5 Test Case - Help (payment, how to order etc)" time="40.788" classname="Test Cases/5 Test Case - Help (payment, how to order etc)" status="PASSED">
         <system-out><![CDATA[13-02-2024T11:02:27 - [TEST_CASE][PASSED] - Test Cases/5 Test Case - Help (payment, how to order etc): Test Cases/5 Test Case - Help (payment, how to order etc)

13-02-2024T11:02:27 - [TEST_STEP][PASSED] - startApplication("C:\Users\ACER\Downloads\android\Android-Solodroid_E-CommerceApp Demo_3.2.0.apk\Solodroid_E-CommerceApp Demo_3.2.0.apk", true): Started app at: 'C:\Users\ACER\Downloads\android\Android-Solodroid_E-CommerceApp Demo_3.2.0.apk\Solodroid_E-CommerceApp Demo_3.2.0.apk'

13-02-2024T11:02:27 - [MESSAGE][INFO] - Detected NodeJS location: "C:\Program Files\nodejs\node.exe"

13-02-2024T11:02:33 - [MESSAGE][INFO] - PATH: C:\Program Files\nodejs;

13-02-2024T11:02:33 - [MESSAGE][INFO] - APPIUM_HOME: C:\Users\ACER\.appium

13-02-2024T11:02:33 - [MESSAGE][INFO] - appium outlog: C:\Users\ACER\git\Assigment-3-QA-MOBILE\Reports\20240213_105838\1 Positive Test Suite Case\20240213_105838\appium.log

13-02-2024T11:02:33 - [MESSAGE][INFO] - appium errlog: C:\Users\ACER\git\Assigment-3-QA-MOBILE\Reports\20240213_105838\1 Positive Test Suite Case\20240213_105838\appium_error.log

13-02-2024T11:02:37 - [MESSAGE][INFO] - Appium server started on port 29,278

13-02-2024T11:02:45 - [MESSAGE][PASSED] - Started app at: 'C:\Users\ACER\Downloads\android\Android-Solodroid_E-CommerceApp Demo_3.2.0.apk\Solodroid_E-CommerceApp Demo_3.2.0.apk'

13-02-2024T11:02:45 - [TEST_STEP][PASSED] - tap(findTestObject("Object Repository/Fitur Help/android.widget.FrameLayout (1)"), 0): Tapped on element 'Object Repository/Fitur Help/android.widget.FrameLayout (1)'

13-02-2024T11:02:46 - [MESSAGE][WARNING] - Timeout '0' is invalid. Using default page load timeout: '30'

13-02-2024T11:02:50 - [MESSAGE][PASSED] - Tapped on element 'Object Repository/Fitur Help/android.widget.FrameLayout (1)'

13-02-2024T11:02:50 - [TEST_STEP][PASSED] - tap(findTestObject("Object Repository/Fitur Help/android.widget.RelativeLayout"), 0): Tapped on element 'Object Repository/Fitur Help/android.widget.RelativeLayout'

13-02-2024T11:02:50 - [MESSAGE][WARNING] - Timeout '0' is invalid. Using default page load timeout: '30'

13-02-2024T11:02:53 - [MESSAGE][PASSED] - Tapped on element 'Object Repository/Fitur Help/android.widget.RelativeLayout'

13-02-2024T11:02:53 - [TEST_STEP][PASSED] - tap(findTestObject("Object Repository/Fitur Help/android.widget.ImageButton"), 0): Tapped on element 'Object Repository/Fitur Help/android.widget.ImageButton'

13-02-2024T11:02:53 - [MESSAGE][WARNING] - Timeout '0' is invalid. Using default page load timeout: '30'

13-02-2024T11:02:53 - [MESSAGE][PASSED] - Tapped on element 'Object Repository/Fitur Help/android.widget.ImageButton'

13-02-2024T11:02:53 - [TEST_STEP][PASSED] - tap(findTestObject("Object Repository/Fitur Help/android.widget.RelativeLayout (1)"), 0): Tapped on element 'Object Repository/Fitur Help/android.widget.RelativeLayout (1)'

13-02-2024T11:02:53 - [MESSAGE][WARNING] - Timeout '0' is invalid. Using default page load timeout: '30'

13-02-2024T11:02:56 - [MESSAGE][PASSED] - Tapped on element 'Object Repository/Fitur Help/android.widget.RelativeLayout (1)'

13-02-2024T11:02:56 - [TEST_STEP][PASSED] - tap(findTestObject("Object Repository/Fitur Help/android.widget.ImageButton"), 0): Tapped on element 'Object Repository/Fitur Help/android.widget.ImageButton'

13-02-2024T11:02:56 - [MESSAGE][WARNING] - Timeout '0' is invalid. Using default page load timeout: '30'

13-02-2024T11:02:56 - [MESSAGE][PASSED] - Tapped on element 'Object Repository/Fitur Help/android.widget.ImageButton'

13-02-2024T11:02:56 - [TEST_STEP][PASSED] - tap(findTestObject("Object Repository/Fitur Help/android.widget.RelativeLayout (2)"), 0): Tapped on element 'Object Repository/Fitur Help/android.widget.RelativeLayout (2)'

13-02-2024T11:02:56 - [MESSAGE][WARNING] - Timeout '0' is invalid. Using default page load timeout: '30'

13-02-2024T11:02:58 - [MESSAGE][PASSED] - Tapped on element 'Object Repository/Fitur Help/android.widget.RelativeLayout (2)'

13-02-2024T11:02:58 - [TEST_STEP][PASSED] - tap(findTestObject("Object Repository/Fitur Help/android.widget.ImageButton"), 0): Tapped on element 'Object Repository/Fitur Help/android.widget.ImageButton'

13-02-2024T11:02:58 - [MESSAGE][WARNING] - Timeout '0' is invalid. Using default page load timeout: '30'

13-02-2024T11:02:58 - [MESSAGE][PASSED] - Tapped on element 'Object Repository/Fitur Help/android.widget.ImageButton'

13-02-2024T11:02:58 - [TEST_STEP][PASSED] - tap(findTestObject("Object Repository/Fitur Help/android.widget.RelativeLayout (3)"), 0): Tapped on element 'Object Repository/Fitur Help/android.widget.RelativeLayout (3)'

13-02-2024T11:02:58 - [MESSAGE][WARNING] - Timeout '0' is invalid. Using default page load timeout: '30'

13-02-2024T11:02:59 - [MESSAGE][PASSED] - Tapped on element 'Object Repository/Fitur Help/android.widget.RelativeLayout (3)'

13-02-2024T11:02:59 - [TEST_STEP][PASSED] - tap(findTestObject("Object Repository/Fitur Help/android.widget.ImageButton"), 0): Tapped on element 'Object Repository/Fitur Help/android.widget.ImageButton'

13-02-2024T11:02:59 - [MESSAGE][WARNING] - Timeout '0' is invalid. Using default page load timeout: '30'

13-02-2024T11:03:01 - [MESSAGE][PASSED] - Tapped on element 'Object Repository/Fitur Help/android.widget.ImageButton'

13-02-2024T11:03:01 - [TEST_STEP][PASSED] - tap(findTestObject("Object Repository/Fitur Help/android.widget.RelativeLayout (4)"), 0): Tapped on element 'Object Repository/Fitur Help/android.widget.RelativeLayout (4)'

13-02-2024T11:03:01 - [MESSAGE][WARNING] - Timeout '0' is invalid. Using default page load timeout: '30'

13-02-2024T11:03:03 - [MESSAGE][PASSED] - Tapped on element 'Object Repository/Fitur Help/android.widget.RelativeLayout (4)'

13-02-2024T11:03:03 - [TEST_STEP][PASSED] - tap(findTestObject("Object Repository/Fitur Help/android.widget.ImageButton"), 0): Tapped on element 'Object Repository/Fitur Help/android.widget.ImageButton'

13-02-2024T11:03:03 - [MESSAGE][WARNING] - Timeout '0' is invalid. Using default page load timeout: '30'

13-02-2024T11:03:03 - [MESSAGE][PASSED] - Tapped on element 'Object Repository/Fitur Help/android.widget.ImageButton'

13-02-2024T11:03:03 - [TEST_STEP][PASSED] - closeApplication(): Close app successfully

13-02-2024T11:03:05 - [MESSAGE][PASSED] - Close app successfully

13-02-2024T11:03:07 - [TEST_STEP][PASSED] - Video: Video recording for test case 'Test Cases/5 Test Case - Help (payment, how to order etc)' .

13-02-2024T11:03:07 - [MESSAGE][INFO] - Video recording for test case 'Test Cases/5 Test Case - Help (payment, how to order etc)' .]]></system-out>
         <system-err><![CDATA[]]></system-err>
      </testcase>
      <system-out><![CDATA[13-02-2024T10:58:46 - [TEST_SUITE][PASSED] - 1 Positive Test Suite Case: Test Cases/5 Test Case - Help (payment, how to order etc)]]></system-out>
      <system-err><![CDATA[]]></system-err>
   </testsuite>
</testsuites>
