<?xml version="1.0" encoding="UTF-8"?>
<testsuites name="2 Negative Test Suite Case" time="94.958" tests="2" failures="0" errors="0">
   <testsuite name="2 Negative Test Suite Case" tests="2" failures="0" errors="0" time="94.958" skipped="0" timestamp="13-02-2024T10:39:26" hostname="ACER - LAPTOP-DI70DTOM" id="Test Suites/2 Negative Test Suite Case">
      <properties>
         <property name="deviceName" value="emulator-5554 (Android SDK built for x86 - Android 8.1.0)"/>
         <property name="devicePlatform" value=""/>
         <property name="logFolder" value="C:\\Users\\ACER\\git\\Assigment-3-QA-MOBILE\\Reports\\20240213_103922\\2 Negative Test Suite Case\\20240213_103922"/>
         <property name="logFiles" value="C:\\Users\\ACER\\git\\Assigment-3-QA-MOBILE\\Reports\\20240213_103922\\2 Negative Test Suite Case\\20240213_103922\\appium.log, C:\\Users\\ACER\\git\\Assigment-3-QA-MOBILE\\Reports\\20240213_103922\\2 Negative Test Suite Case\\20240213_103922\\appium_error.log, C:\\Users\\ACER\\git\\Assigment-3-QA-MOBILE\\Reports\\20240213_103922\\2 Negative Test Suite Case\\20240213_103922\\execution0.log"/>
         <property name="attachments" value=""/>
         <property name="hostName" value="ACER - LAPTOP-DI70DTOM"/>
         <property name="os" value="Windows 11 64bit"/>
         <property name="appiumServerStatus" value="{&quot;value&quot;:{&quot;ready&quot;:true,&quot;message&quot;:&quot;The server is ready to accept new connections&quot;,&quot;build&quot;:{&quot;version&quot;:&quot;2.5.0&quot;}}}"/>
         <property name="katalonVersion" value="9.3.0.212"/>
         <property name="deviceOS" value="Android"/>
         <property name="appiumVersion" value="2.5.0"/>
         <property name="deviceModel" value="Android SDK built for x86"/>
         <property name="hostAddress" value="172.16.213.178"/>
         <property name="deviceManufacturer" value="Google"/>
         <property name="deviceId" value="emulator-5554"/>
         <property name="deviceName" value="emulator-5554 (Android SDK built for x86 - Android 8.1.0)"/>
         <property name="deviceOSVersion" value="8.1.0"/>
      </properties>
      <testcase name="Test Cases/6 Negatif Case - Add to Chart" time="58.893" classname="Test Cases/6 Negatif Case - Add to Chart" status="PASSED">
         <system-out><![CDATA[13-02-2024T10:39:27 - [TEST_CASE][PASSED] - Test Cases/6 Negatif Case - Add to Chart: Test Cases/6 Negatif Case - Add to Chart

13-02-2024T10:39:27 - [TEST_STEP][PASSED] - startApplication("C:\Users\ACER\Downloads\android\Android-Solodroid_E-CommerceApp Demo_3.2.0.apk\Solodroid_E-CommerceApp Demo_3.2.0.apk", true): Started app at: 'C:\Users\ACER\Downloads\android\Android-Solodroid_E-CommerceApp Demo_3.2.0.apk\Solodroid_E-CommerceApp Demo_3.2.0.apk'

13-02-2024T10:39:28 - [MESSAGE][INFO] - Detected NodeJS location: "C:\Program Files\nodejs\node.exe"

13-02-2024T10:39:39 - [MESSAGE][INFO] - PATH: C:\Program Files\nodejs;

13-02-2024T10:39:39 - [MESSAGE][INFO] - APPIUM_HOME: C:\Users\ACER\.appium

13-02-2024T10:39:39 - [MESSAGE][INFO] - appium outlog: C:\Users\ACER\git\Assigment-3-QA-MOBILE\Reports\20240213_103922\2 Negative Test Suite Case\20240213_103922\appium.log

13-02-2024T10:39:39 - [MESSAGE][INFO] - appium errlog: C:\Users\ACER\git\Assigment-3-QA-MOBILE\Reports\20240213_103922\2 Negative Test Suite Case\20240213_103922\appium_error.log

13-02-2024T10:39:42 - [MESSAGE][INFO] - Appium server started on port 24,341

13-02-2024T10:39:59 - [MESSAGE][PASSED] - Started app at: 'C:\Users\ACER\Downloads\android\Android-Solodroid_E-CommerceApp Demo_3.2.0.apk\Solodroid_E-CommerceApp Demo_3.2.0.apk'

13-02-2024T10:39:59 - [TEST_STEP][PASSED] - tap(findTestObject("Object Repository/1 Checkout Feature/android.widget.TextView"), 0): Tapped on element 'Object Repository/1 Checkout Feature/android.widget.TextView'

13-02-2024T10:39:59 - [MESSAGE][WARNING] - Timeout '0' is invalid. Using default page load timeout: '30'

13-02-2024T10:40:03 - [MESSAGE][PASSED] - Tapped on element 'Object Repository/1 Checkout Feature/android.widget.TextView'

13-02-2024T10:40:03 - [TEST_STEP][PASSED] - setText(findTestObject("Object Repository/1 Checkout Feature/android.widget.EditText - Search"), "samsung", 0): Text 'samsung' has been set to element 'Object Repository/1 Checkout Feature/android.widget.EditText - Search'

13-02-2024T10:40:03 - [MESSAGE][WARNING] - Timeout '0' is invalid. Using default page load timeout: '30'

13-02-2024T10:40:07 - [MESSAGE][PASSED] - Text 'samsung' has been set to element 'Object Repository/1 Checkout Feature/android.widget.EditText - Search'

13-02-2024T10:40:07 - [TEST_STEP][PASSED] - hideKeyboard(): Keyboard is hidden

13-02-2024T10:40:08 - [MESSAGE][PASSED] - Keyboard is hidden

13-02-2024T10:40:08 - [TEST_STEP][PASSED] - tap(findTestObject("Object Repository/1 Checkout Feature/android.widget.ImageView"), 0): Tapped on element 'Object Repository/1 Checkout Feature/android.widget.ImageView'

13-02-2024T10:40:08 - [MESSAGE][WARNING] - Timeout '0' is invalid. Using default page load timeout: '30'

13-02-2024T10:40:10 - [MESSAGE][PASSED] - Tapped on element 'Object Repository/1 Checkout Feature/android.widget.ImageView'

13-02-2024T10:40:10 - [TEST_STEP][PASSED] - tap(findTestObject("Object Repository/1 Checkout Feature/android.widget.Button - ADD TO CART"), 0): Tapped on element 'Object Repository/1 Checkout Feature/android.widget.Button - ADD TO CART'

13-02-2024T10:40:10 - [MESSAGE][WARNING] - Timeout '0' is invalid. Using default page load timeout: '30'

13-02-2024T10:40:13 - [MESSAGE][PASSED] - Tapped on element 'Object Repository/1 Checkout Feature/android.widget.Button - ADD TO CART'

13-02-2024T10:40:13 - [TEST_STEP][PASSED] - setText(findTestObject("Object Repository/1 Checkout Feature/android.widget.EditText"), "10", 0): Text '10' has been set to element 'Object Repository/1 Checkout Feature/android.widget.EditText'

13-02-2024T10:40:13 - [MESSAGE][WARNING] - Timeout '0' is invalid. Using default page load timeout: '30'

13-02-2024T10:40:16 - [MESSAGE][PASSED] - Text '10' has been set to element 'Object Repository/1 Checkout Feature/android.widget.EditText'

13-02-2024T10:40:16 - [TEST_STEP][PASSED] - tap(findTestObject("Object Repository/1 Checkout Feature/android.widget.Button - ADD"), 0): Tapped on element 'Object Repository/1 Checkout Feature/android.widget.Button - ADD'

13-02-2024T10:40:16 - [MESSAGE][WARNING] - Timeout '0' is invalid. Using default page load timeout: '30'

13-02-2024T10:40:16 - [MESSAGE][PASSED] - Tapped on element 'Object Repository/1 Checkout Feature/android.widget.Button - ADD'

13-02-2024T10:40:16 - [TEST_STEP][PASSED] - delay(5): Delayed 5 second(s)

13-02-2024T10:40:21 - [MESSAGE][PASSED] - Delayed 5 second(s)

13-02-2024T10:40:21 - [TEST_STEP][PASSED] - closeApplication(): Close app successfully

13-02-2024T10:40:23 - [MESSAGE][INFO] - Cannot close application! An unknown server-side error occurred while processing the command. Original error: 'com.solodroid.solomerce' is still running after 500ms timeout
Build info: version: '3.141.59', revision: 'e82be7d358', time: '2018-11-14T08:25:53'
System info: host: 'LAPTOP-DI70DTOM', ip: '172.16.213.178', os.name: 'Windows 11', os.arch: 'amd64', os.version: '10.0', java.version: '17.0.7'
Driver info: com.kms.katalon.core.appium.driver.SwipeableAndroidDriver
Capabilities {app: C:\Users\ACER\Downloads\and..., appPackage: com.solodroid.solomerce, autoGrantPermissions: true, automationName: uiautomator2, databaseEnabled: false, desired: {app: C:\Users\ACER\Downloads\and..., autoGrantPermissions: true, automationName: uiautomator2, deviceName: emulator-5554 (Android SDK ..., fullReset: true, newCommandTimeout: 1800, noReset: false, platformName: android, platformVersion: 8.1.0, systemPort: 24340, udid: emulator-5554}, deviceApiLevel: 27, deviceManufacturer: Google, deviceModel: Android SDK built for x86, deviceName: emulator-5554, deviceScreenDensity: 420, deviceScreenSize: 1080x2400, deviceUDID: emulator-5554, fullReset: true, javascriptEnabled: true, locationContextEnabled: false, networkConnectionEnabled: true, newCommandTimeout: 1800, noReset: false, pixelRatio: 2.625, platform: LINUX, platformName: Android, platformVersion: 8.1.0, statBarHeight: 63, systemPort: 24340, takesScreenshot: true, udid: emulator-5554, viewportRect: {height: 2337, left: 0, top: 63, width: 1080}, warnings: {}, webStorageEnabled: false}
Session ID: 6824b9e1-1b63-4a75-8934-17c0539dda2c

13-02-2024T10:40:24 - [MESSAGE][PASSED] - Close app successfully

13-02-2024T10:40:26 - [TEST_STEP][PASSED] - Video: Video recording for test case 'Test Cases/6 Negatif Case - Add to Chart' .

13-02-2024T10:40:26 - [MESSAGE][INFO] - Video recording for test case 'Test Cases/6 Negatif Case - Add to Chart' .]]></system-out>
         <system-err><![CDATA[]]></system-err>
      </testcase>
      <testcase name="Test Cases/7 Negatif Case - Invalid Search" time="35.821" classname="Test Cases/7 Negatif Case - Invalid Search" status="PASSED">
         <system-out><![CDATA[13-02-2024T10:40:26 - [TEST_CASE][PASSED] - Test Cases/7 Negatif Case - Invalid Search: Test Cases/7 Negatif Case - Invalid Search

13-02-2024T10:40:26 - [TEST_STEP][PASSED] - startApplication("C:\Users\ACER\Downloads\android\Android-Solodroid_E-CommerceApp Demo_3.2.0.apk\Solodroid_E-CommerceApp Demo_3.2.0.apk", true): Started app at: 'C:\Users\ACER\Downloads\android\Android-Solodroid_E-CommerceApp Demo_3.2.0.apk\Solodroid_E-CommerceApp Demo_3.2.0.apk'

13-02-2024T10:40:26 - [MESSAGE][INFO] - Detected NodeJS location: "C:\Program Files\nodejs\node.exe"

13-02-2024T10:40:31 - [MESSAGE][INFO] - PATH: C:\Program Files\nodejs;

13-02-2024T10:40:31 - [MESSAGE][INFO] - APPIUM_HOME: C:\Users\ACER\.appium

13-02-2024T10:40:31 - [MESSAGE][INFO] - appium outlog: C:\Users\ACER\git\Assigment-3-QA-MOBILE\Reports\20240213_103922\2 Negative Test Suite Case\20240213_103922\appium.log

13-02-2024T10:40:31 - [MESSAGE][INFO] - appium errlog: C:\Users\ACER\git\Assigment-3-QA-MOBILE\Reports\20240213_103922\2 Negative Test Suite Case\20240213_103922\appium_error.log

13-02-2024T10:40:35 - [MESSAGE][INFO] - Appium server started on port 24,620

13-02-2024T10:40:44 - [MESSAGE][PASSED] - Started app at: 'C:\Users\ACER\Downloads\android\Android-Solodroid_E-CommerceApp Demo_3.2.0.apk\Solodroid_E-CommerceApp Demo_3.2.0.apk'

13-02-2024T10:40:44 - [TEST_STEP][PASSED] - tap(findTestObject("Object Repository/1 Checkout Feature/android.widget.TextView"), 0): Tapped on element 'Object Repository/1 Checkout Feature/android.widget.TextView'

13-02-2024T10:40:44 - [MESSAGE][WARNING] - Timeout '0' is invalid. Using default page load timeout: '30'

13-02-2024T10:40:49 - [MESSAGE][PASSED] - Tapped on element 'Object Repository/1 Checkout Feature/android.widget.TextView'

13-02-2024T10:40:49 - [TEST_STEP][PASSED] - setText(findTestObject("Object Repository/1 Checkout Feature/android.widget.EditText - Search"), "One Piece", 0): Text 'One Piece' has been set to element 'Object Repository/1 Checkout Feature/android.widget.EditText - Search'

13-02-2024T10:40:49 - [MESSAGE][WARNING] - Timeout '0' is invalid. Using default page load timeout: '30'

13-02-2024T10:40:52 - [MESSAGE][PASSED] - Text 'One Piece' has been set to element 'Object Repository/1 Checkout Feature/android.widget.EditText - Search'

13-02-2024T10:40:52 - [TEST_STEP][PASSED] - hideKeyboard(): Keyboard is hidden

13-02-2024T10:40:53 - [MESSAGE][PASSED] - Keyboard is hidden

13-02-2024T10:40:53 - [TEST_STEP][PASSED] - delay(5): Delayed 5 second(s)

13-02-2024T10:40:58 - [MESSAGE][PASSED] - Delayed 5 second(s)

13-02-2024T10:40:58 - [TEST_STEP][PASSED] - closeApplication(): Close app successfully

13-02-2024T10:40:59 - [MESSAGE][PASSED] - Close app successfully

13-02-2024T10:41:01 - [TEST_STEP][PASSED] - Video: Video recording for test case 'Test Cases/7 Negatif Case - Invalid Search' .

13-02-2024T10:41:01 - [MESSAGE][INFO] - Video recording for test case 'Test Cases/7 Negatif Case - Invalid Search' .]]></system-out>
         <system-err><![CDATA[]]></system-err>
      </testcase>
      <system-out><![CDATA[13-02-2024T10:39:26 - [TEST_SUITE][PASSED] - 2 Negative Test Suite Case: Test Cases/7 Negatif Case - Invalid Search]]></system-out>
      <system-err><![CDATA[]]></system-err>
   </testsuite>
</testsuites>
