<?xml version="1.0" encoding="UTF-8"?>
<testsuites name="1 Positive Test Suite Case" time="241.128" tests="5" failures="0" errors="0">
   <testsuite name="1 Positive Test Suite Case" tests="5" failures="0" errors="0" time="241.128" skipped="0" timestamp="13-02-2024T11:03:51" hostname="ACER - LAPTOP-DI70DTOM" id="Test Suites/1 Positive Test Suite Case">
      <properties>
         <property name="deviceName" value="emulator-5554 (Android SDK built for x86 - Android 8.1.0)"/>
         <property name="devicePlatform" value=""/>
         <property name="logFolder" value="C:\\Users\\ACER\\git\\Assigment-3-QA-MOBILE\\Reports\\20240213_110343\\1 Positive Test Suite Case\\20240213_110343"/>
         <property name="logFiles" value="C:\\Users\\ACER\\git\\Assigment-3-QA-MOBILE\\Reports\\20240213_110343\\1 Positive Test Suite Case\\20240213_110343\\appium.log, C:\\Users\\ACER\\git\\Assigment-3-QA-MOBILE\\Reports\\20240213_110343\\1 Positive Test Suite Case\\20240213_110343\\appium_error.log, C:\\Users\\ACER\\git\\Assigment-3-QA-MOBILE\\Reports\\20240213_110343\\1 Positive Test Suite Case\\20240213_110343\\execution0.log"/>
         <property name="attachments" value=""/>
         <property name="hostName" value="ACER - LAPTOP-DI70DTOM"/>
         <property name="os" value="Windows 11 64bit"/>
         <property name="appiumServerStatus" value="{&quot;value&quot;:{&quot;ready&quot;:true,&quot;message&quot;:&quot;The server is ready to accept new connections&quot;,&quot;build&quot;:{&quot;version&quot;:&quot;2.5.0&quot;}}}"/>
         <property name="katalonVersion" value="9.3.0.212"/>
         <property name="deviceOS" value="Android"/>
         <property name="appiumVersion" value="2.5.0"/>
         <property name="deviceModel" value="Android SDK built for x86"/>
         <property name="hostAddress" value="172.16.213.178"/>
         <property name="deviceManufacturer" value="Google"/>
         <property name="deviceId" value="emulator-5554"/>
         <property name="deviceName" value="emulator-5554 (Android SDK built for x86 - Android 8.1.0)"/>
         <property name="deviceOSVersion" value="8.1.0"/>
      </properties>
      <testcase name="Test Cases/1 Test Case Checkout" time="67.866" classname="Test Cases/1 Test Case Checkout" status="PASSED">
         <system-out><![CDATA[13-02-2024T11:03:51 - [TEST_CASE][PASSED] - Test Cases/1 Test Case Checkout: Test Cases/1 Test Case Checkout

13-02-2024T11:03:51 - [TEST_STEP][PASSED] - startApplication("C:\Users\ACER\Downloads\android\Android-Solodroid_E-CommerceApp Demo_3.2.0.apk\Solodroid_E-CommerceApp Demo_3.2.0.apk", true): Started app at: 'C:\Users\ACER\Downloads\android\Android-Solodroid_E-CommerceApp Demo_3.2.0.apk\Solodroid_E-CommerceApp Demo_3.2.0.apk'

13-02-2024T11:03:52 - [MESSAGE][INFO] - Detected NodeJS location: "C:\Program Files\nodejs\node.exe"

13-02-2024T11:04:03 - [MESSAGE][INFO] - PATH: C:\Program Files\nodejs;

13-02-2024T11:04:03 - [MESSAGE][INFO] - APPIUM_HOME: C:\Users\ACER\.appium

13-02-2024T11:04:03 - [MESSAGE][INFO] - appium outlog: C:\Users\ACER\git\Assigment-3-QA-MOBILE\Reports\20240213_110343\1 Positive Test Suite Case\20240213_110343\appium.log

13-02-2024T11:04:03 - [MESSAGE][INFO] - appium errlog: C:\Users\ACER\git\Assigment-3-QA-MOBILE\Reports\20240213_110343\1 Positive Test Suite Case\20240213_110343\appium_error.log

13-02-2024T11:04:06 - [MESSAGE][INFO] - Appium server started on port 29,598

13-02-2024T11:04:20 - [MESSAGE][PASSED] - Started app at: 'C:\Users\ACER\Downloads\android\Android-Solodroid_E-CommerceApp Demo_3.2.0.apk\Solodroid_E-CommerceApp Demo_3.2.0.apk'

13-02-2024T11:04:20 - [TEST_STEP][PASSED] - tap(findTestObject("Object Repository/1 Checkout Feature/android.widget.TextView"), 0): Tapped on element 'Object Repository/1 Checkout Feature/android.widget.TextView'

13-02-2024T11:04:20 - [MESSAGE][WARNING] - Timeout '0' is invalid. Using default page load timeout: '30'

13-02-2024T11:04:24 - [MESSAGE][PASSED] - Tapped on element 'Object Repository/1 Checkout Feature/android.widget.TextView'

13-02-2024T11:04:24 - [TEST_STEP][PASSED] - setText(findTestObject("Object Repository/1 Checkout Feature/android.widget.EditText - Search"), "samsung", 0): Text 'samsung' has been set to element 'Object Repository/1 Checkout Feature/android.widget.EditText - Search'

13-02-2024T11:04:24 - [MESSAGE][WARNING] - Timeout '0' is invalid. Using default page load timeout: '30'

13-02-2024T11:04:28 - [MESSAGE][PASSED] - Text 'samsung' has been set to element 'Object Repository/1 Checkout Feature/android.widget.EditText - Search'

13-02-2024T11:04:28 - [TEST_STEP][PASSED] - hideKeyboard(): Keyboard is hidden

13-02-2024T11:04:29 - [MESSAGE][PASSED] - Keyboard is hidden

13-02-2024T11:04:29 - [TEST_STEP][PASSED] - tap(findTestObject("Object Repository/1 Checkout Feature/android.widget.ImageView"), 0): Tapped on element 'Object Repository/1 Checkout Feature/android.widget.ImageView'

13-02-2024T11:04:29 - [MESSAGE][WARNING] - Timeout '0' is invalid. Using default page load timeout: '30'

13-02-2024T11:04:30 - [MESSAGE][PASSED] - Tapped on element 'Object Repository/1 Checkout Feature/android.widget.ImageView'

13-02-2024T11:04:30 - [TEST_STEP][PASSED] - tap(findTestObject("Object Repository/1 Checkout Feature/android.widget.Button - ADD TO CART"), 0): Tapped on element 'Object Repository/1 Checkout Feature/android.widget.Button - ADD TO CART'

13-02-2024T11:04:30 - [MESSAGE][WARNING] - Timeout '0' is invalid. Using default page load timeout: '30'

13-02-2024T11:04:33 - [MESSAGE][PASSED] - Tapped on element 'Object Repository/1 Checkout Feature/android.widget.Button - ADD TO CART'

13-02-2024T11:04:33 - [TEST_STEP][PASSED] - setText(findTestObject("Object Repository/1 Checkout Feature/android.widget.EditText"), "1", 0): Text '1' has been set to element 'Object Repository/1 Checkout Feature/android.widget.EditText'

13-02-2024T11:04:33 - [MESSAGE][WARNING] - Timeout '0' is invalid. Using default page load timeout: '30'

13-02-2024T11:04:36 - [MESSAGE][PASSED] - Text '1' has been set to element 'Object Repository/1 Checkout Feature/android.widget.EditText'

13-02-2024T11:04:36 - [TEST_STEP][PASSED] - tap(findTestObject("Object Repository/1 Checkout Feature/android.widget.Button - ADD"), 0): Tapped on element 'Object Repository/1 Checkout Feature/android.widget.Button - ADD'

13-02-2024T11:04:36 - [MESSAGE][WARNING] - Timeout '0' is invalid. Using default page load timeout: '30'

13-02-2024T11:04:36 - [MESSAGE][PASSED] - Tapped on element 'Object Repository/1 Checkout Feature/android.widget.Button - ADD'

13-02-2024T11:04:37 - [TEST_STEP][PASSED] - tap(findTestObject("Object Repository/1 Checkout Feature/android.widget.TextView (1)"), 0): Tapped on element 'Object Repository/1 Checkout Feature/android.widget.TextView (1)'

13-02-2024T11:04:37 - [MESSAGE][WARNING] - Timeout '0' is invalid. Using default page load timeout: '30'

13-02-2024T11:04:37 - [MESSAGE][PASSED] - Tapped on element 'Object Repository/1 Checkout Feature/android.widget.TextView (1)'

13-02-2024T11:04:37 - [TEST_STEP][PASSED] - tap(findTestObject("Object Repository/1 Checkout Feature/android.widget.Button - CHECKOUT"), 0): Tapped on element 'Object Repository/1 Checkout Feature/android.widget.Button - CHECKOUT'

13-02-2024T11:04:37 - [MESSAGE][WARNING] - Timeout '0' is invalid. Using default page load timeout: '30'

13-02-2024T11:04:39 - [MESSAGE][PASSED] - Tapped on element 'Object Repository/1 Checkout Feature/android.widget.Button - CHECKOUT'

13-02-2024T11:04:39 - [TEST_STEP][PASSED] - setText(findTestObject("Object Repository/1 Checkout Feature/android.widget.EditText - Your Name"), "yudha", 0): Text 'yudha' has been set to element 'Object Repository/1 Checkout Feature/android.widget.EditText - Your Name'

13-02-2024T11:04:39 - [MESSAGE][WARNING] - Timeout '0' is invalid. Using default page load timeout: '30'

13-02-2024T11:04:43 - [MESSAGE][PASSED] - Text 'yudha' has been set to element 'Object Repository/1 Checkout Feature/android.widget.EditText - Your Name'

13-02-2024T11:04:43 - [TEST_STEP][PASSED] - setText(findTestObject("Object Repository/1 Checkout Feature/android.widget.EditText - your.emailgmail.com"), "yudha@gmail.com", 0): Text 'yudha@gmail.com' has been set to element 'Object Repository/1 Checkout Feature/android.widget.EditText - your.emailgmail.com'

13-02-2024T11:04:43 - [MESSAGE][WARNING] - Timeout '0' is invalid. Using default page load timeout: '30'

13-02-2024T11:04:45 - [MESSAGE][PASSED] - Text 'yudha@gmail.com' has been set to element 'Object Repository/1 Checkout Feature/android.widget.EditText - your.emailgmail.com'

13-02-2024T11:04:45 - [TEST_STEP][PASSED] - setText(findTestObject("Object Repository/1 Checkout Feature/android.widget.EditText - 628123456789"), "+6281353081122", 0): Text '+6281353081122' has been set to element 'Object Repository/1 Checkout Feature/android.widget.EditText - 628123456789'

13-02-2024T11:04:45 - [MESSAGE][WARNING] - Timeout '0' is invalid. Using default page load timeout: '30'

13-02-2024T11:04:48 - [MESSAGE][PASSED] - Text '+6281353081122' has been set to element 'Object Repository/1 Checkout Feature/android.widget.EditText - 628123456789'

13-02-2024T11:04:48 - [TEST_STEP][PASSED] - setText(findTestObject("Object Repository/1 Checkout Feature/android.widget.EditText - Your Address"), "Jalan Medan Merdeka No 5 Jakarta", 0): Text 'Jalan Medan Merdeka No 5 Jakarta' has been set to element 'Object Repository/1 Checkout Feature/android.widget.EditText - Your Address'

13-02-2024T11:04:48 - [MESSAGE][WARNING] - Timeout '0' is invalid. Using default page load timeout: '30'

13-02-2024T11:04:50 - [MESSAGE][PASSED] - Text 'Jalan Medan Merdeka No 5 Jakarta' has been set to element 'Object Repository/1 Checkout Feature/android.widget.EditText - Your Address'

13-02-2024T11:04:50 - [TEST_STEP][PASSED] - hideKeyboard(): Keyboard is hidden

13-02-2024T11:04:51 - [MESSAGE][PASSED] - Keyboard is hidden

13-02-2024T11:04:51 - [TEST_STEP][PASSED] - setText(findTestObject("Object Repository/1 Checkout Feature/android.widget.EditText - Comment"), "nice product", 0): Text 'nice product' has been set to element 'Object Repository/1 Checkout Feature/android.widget.EditText - Comment'

13-02-2024T11:04:51 - [MESSAGE][WARNING] - Timeout '0' is invalid. Using default page load timeout: '30'

13-02-2024T11:04:53 - [MESSAGE][PASSED] - Text 'nice product' has been set to element 'Object Repository/1 Checkout Feature/android.widget.EditText - Comment'

13-02-2024T11:04:53 - [TEST_STEP][PASSED] - hideKeyboard(): Keyboard is hidden

13-02-2024T11:04:54 - [MESSAGE][PASSED] - Keyboard is hidden

13-02-2024T11:04:54 - [TEST_STEP][PASSED] - closeApplication(): Close app successfully

13-02-2024T11:04:56 - [MESSAGE][INFO] - Cannot close application! An unknown server-side error occurred while processing the command. Original error: 'com.solodroid.solomerce' is still running after 500ms timeout
Build info: version: '3.141.59', revision: 'e82be7d358', time: '2018-11-14T08:25:53'
System info: host: 'LAPTOP-DI70DTOM', ip: '172.16.213.178', os.name: 'Windows 11', os.arch: 'amd64', os.version: '10.0', java.version: '17.0.7'
Driver info: com.kms.katalon.core.appium.driver.SwipeableAndroidDriver
Capabilities {app: C:\Users\ACER\Downloads\and..., appPackage: com.solodroid.solomerce, autoGrantPermissions: true, automationName: uiautomator2, databaseEnabled: false, desired: {app: C:\Users\ACER\Downloads\and..., autoGrantPermissions: true, automationName: uiautomator2, deviceName: emulator-5554 (Android SDK ..., fullReset: true, newCommandTimeout: 1800, noReset: false, platformName: android, platformVersion: 8.1.0, systemPort: 29597, udid: emulator-5554}, deviceApiLevel: 27, deviceManufacturer: Google, deviceModel: Android SDK built for x86, deviceName: emulator-5554, deviceScreenDensity: 420, deviceScreenSize: 1080x2400, deviceUDID: emulator-5554, fullReset: true, javascriptEnabled: true, locationContextEnabled: false, networkConnectionEnabled: true, newCommandTimeout: 1800, noReset: false, pixelRatio: 2.625, platform: LINUX, platformName: Android, platformVersion: 8.1.0, statBarHeight: 63, systemPort: 29597, takesScreenshot: true, udid: emulator-5554, viewportRect: {height: 2337, left: 0, top: 63, width: 1080}, warnings: {}, webStorageEnabled: false}
Session ID: c3fd8613-552d-405f-be62-87955e416b96

13-02-2024T11:04:57 - [MESSAGE][PASSED] - Close app successfully

13-02-2024T11:04:59 - [TEST_STEP][PASSED] - Video: Video recording for test case 'Test Cases/1 Test Case Checkout' .

13-02-2024T11:04:59 - [MESSAGE][INFO] - Video recording for test case 'Test Cases/1 Test Case Checkout' .]]></system-out>
         <system-err><![CDATA[]]></system-err>
      </testcase>
      <testcase name="Test Cases/2 Test Case Search Item" time="46.907" classname="Test Cases/2 Test Case Search Item" status="PASSED">
         <system-out><![CDATA[13-02-2024T11:04:59 - [TEST_CASE][PASSED] - Test Cases/2 Test Case Search Item: Test Cases/2 Test Case Search Item

13-02-2024T11:04:59 - [TEST_STEP][PASSED] - startApplication("C:\Users\ACER\Downloads\android\Android-Solodroid_E-CommerceApp Demo_3.2.0.apk\Solodroid_E-CommerceApp Demo_3.2.0.apk", true): Started app at: 'C:\Users\ACER\Downloads\android\Android-Solodroid_E-CommerceApp Demo_3.2.0.apk\Solodroid_E-CommerceApp Demo_3.2.0.apk'

13-02-2024T11:04:59 - [MESSAGE][INFO] - Detected NodeJS location: "C:\Program Files\nodejs\node.exe"

13-02-2024T11:05:10 - [MESSAGE][INFO] - PATH: C:\Program Files\nodejs;

13-02-2024T11:05:10 - [MESSAGE][INFO] - APPIUM_HOME: C:\Users\ACER\.appium

13-02-2024T11:05:10 - [MESSAGE][INFO] - appium outlog: C:\Users\ACER\git\Assigment-3-QA-MOBILE\Reports\20240213_110343\1 Positive Test Suite Case\20240213_110343\appium.log

13-02-2024T11:05:10 - [MESSAGE][INFO] - appium errlog: C:\Users\ACER\git\Assigment-3-QA-MOBILE\Reports\20240213_110343\1 Positive Test Suite Case\20240213_110343\appium_error.log

13-02-2024T11:05:14 - [MESSAGE][INFO] - Appium server started on port 29,926

13-02-2024T11:05:25 - [MESSAGE][PASSED] - Started app at: 'C:\Users\ACER\Downloads\android\Android-Solodroid_E-CommerceApp Demo_3.2.0.apk\Solodroid_E-CommerceApp Demo_3.2.0.apk'

13-02-2024T11:05:25 - [TEST_STEP][PASSED] - tap(findTestObject("Object Repository/1 Checkout Feature/android.widget.TextView"), 0): Tapped on element 'Object Repository/1 Checkout Feature/android.widget.TextView'

13-02-2024T11:05:26 - [MESSAGE][WARNING] - Timeout '0' is invalid. Using default page load timeout: '30'

13-02-2024T11:05:31 - [MESSAGE][PASSED] - Tapped on element 'Object Repository/1 Checkout Feature/android.widget.TextView'

13-02-2024T11:05:31 - [TEST_STEP][PASSED] - setText(findTestObject("Object Repository/1 Checkout Feature/android.widget.EditText - Search"), "samsung", 0): Text 'samsung' has been set to element 'Object Repository/1 Checkout Feature/android.widget.EditText - Search'

13-02-2024T11:05:31 - [MESSAGE][WARNING] - Timeout '0' is invalid. Using default page load timeout: '30'

13-02-2024T11:05:34 - [MESSAGE][PASSED] - Text 'samsung' has been set to element 'Object Repository/1 Checkout Feature/android.widget.EditText - Search'

13-02-2024T11:05:34 - [TEST_STEP][PASSED] - hideKeyboard(): Keyboard is hidden

13-02-2024T11:05:35 - [MESSAGE][PASSED] - Keyboard is hidden

13-02-2024T11:05:35 - [TEST_STEP][PASSED] - tap(findTestObject("Object Repository/1 Checkout Feature/android.widget.ImageView"), 0): Tapped on element 'Object Repository/1 Checkout Feature/android.widget.ImageView'

13-02-2024T11:05:35 - [MESSAGE][WARNING] - Timeout '0' is invalid. Using default page load timeout: '30'

13-02-2024T11:05:36 - [MESSAGE][PASSED] - Tapped on element 'Object Repository/1 Checkout Feature/android.widget.ImageView'

13-02-2024T11:05:36 - [TEST_STEP][PASSED] - delay(5): Delayed 5 second(s)

13-02-2024T11:05:41 - [MESSAGE][PASSED] - Delayed 5 second(s)

13-02-2024T11:05:41 - [TEST_STEP][PASSED] - closeApplication(): Close app successfully

13-02-2024T11:05:43 - [MESSAGE][INFO] - Cannot close application! An unknown server-side error occurred while processing the command. Original error: 'com.solodroid.solomerce' is still running after 500ms timeout
Build info: version: '3.141.59', revision: 'e82be7d358', time: '2018-11-14T08:25:53'
System info: host: 'LAPTOP-DI70DTOM', ip: '172.16.213.178', os.name: 'Windows 11', os.arch: 'amd64', os.version: '10.0', java.version: '17.0.7'
Driver info: com.kms.katalon.core.appium.driver.SwipeableAndroidDriver
Capabilities {app: C:\Users\ACER\Downloads\and..., appPackage: com.solodroid.solomerce, autoGrantPermissions: true, automationName: uiautomator2, databaseEnabled: false, desired: {app: C:\Users\ACER\Downloads\and..., autoGrantPermissions: true, automationName: uiautomator2, deviceName: emulator-5554 (Android SDK ..., fullReset: true, newCommandTimeout: 1800, noReset: false, platformName: android, platformVersion: 8.1.0, systemPort: 29924, udid: emulator-5554}, deviceApiLevel: 27, deviceManufacturer: Google, deviceModel: Android SDK built for x86, deviceName: emulator-5554, deviceScreenDensity: 420, deviceScreenSize: 1080x2400, deviceUDID: emulator-5554, fullReset: true, javascriptEnabled: true, locationContextEnabled: false, networkConnectionEnabled: true, newCommandTimeout: 1800, noReset: false, pixelRatio: 2.625, platform: LINUX, platformName: Android, platformVersion: 8.1.0, statBarHeight: 63, systemPort: 29924, takesScreenshot: true, udid: emulator-5554, viewportRect: {height: 2337, left: 0, top: 63, width: 1080}, warnings: {}, webStorageEnabled: false}
Session ID: 080f1cbb-dc43-4d4b-b7bc-e817f50efd9f

13-02-2024T11:05:43 - [MESSAGE][PASSED] - Close app successfully

13-02-2024T11:05:46 - [TEST_STEP][PASSED] - Video: Video recording for test case 'Test Cases/2 Test Case Search Item' .

13-02-2024T11:05:46 - [MESSAGE][INFO] - Video recording for test case 'Test Cases/2 Test Case Search Item' .]]></system-out>
         <system-err><![CDATA[]]></system-err>
      </testcase>
      <testcase name="Test Cases/3 Add to chart" time="42.801" classname="Test Cases/3 Add to chart" status="PASSED">
         <system-out><![CDATA[13-02-2024T11:05:46 - [TEST_CASE][PASSED] - Test Cases/3 Add to chart: Test Cases/3 Add to chart

13-02-2024T11:05:46 - [TEST_STEP][PASSED] - startApplication("C:\Users\ACER\Downloads\android\Android-Solodroid_E-CommerceApp Demo_3.2.0.apk\Solodroid_E-CommerceApp Demo_3.2.0.apk", true): Started app at: 'C:\Users\ACER\Downloads\android\Android-Solodroid_E-CommerceApp Demo_3.2.0.apk\Solodroid_E-CommerceApp Demo_3.2.0.apk'

13-02-2024T11:05:46 - [MESSAGE][INFO] - Detected NodeJS location: "C:\Program Files\nodejs\node.exe"

13-02-2024T11:05:51 - [MESSAGE][INFO] - PATH: C:\Program Files\nodejs;

13-02-2024T11:05:51 - [MESSAGE][INFO] - APPIUM_HOME: C:\Users\ACER\.appium

13-02-2024T11:05:51 - [MESSAGE][INFO] - appium outlog: C:\Users\ACER\git\Assigment-3-QA-MOBILE\Reports\20240213_110343\1 Positive Test Suite Case\20240213_110343\appium.log

13-02-2024T11:05:51 - [MESSAGE][INFO] - appium errlog: C:\Users\ACER\git\Assigment-3-QA-MOBILE\Reports\20240213_110343\1 Positive Test Suite Case\20240213_110343\appium_error.log

13-02-2024T11:05:55 - [MESSAGE][INFO] - Appium server started on port 30,260

13-02-2024T11:06:04 - [MESSAGE][PASSED] - Started app at: 'C:\Users\ACER\Downloads\android\Android-Solodroid_E-CommerceApp Demo_3.2.0.apk\Solodroid_E-CommerceApp Demo_3.2.0.apk'

13-02-2024T11:06:04 - [TEST_STEP][PASSED] - tap(findTestObject("Object Repository/1 Checkout Feature/android.widget.TextView"), 0): Tapped on element 'Object Repository/1 Checkout Feature/android.widget.TextView'

13-02-2024T11:06:04 - [MESSAGE][WARNING] - Timeout '0' is invalid. Using default page load timeout: '30'

13-02-2024T11:06:09 - [MESSAGE][PASSED] - Tapped on element 'Object Repository/1 Checkout Feature/android.widget.TextView'

13-02-2024T11:06:09 - [TEST_STEP][PASSED] - setText(findTestObject("Object Repository/1 Checkout Feature/android.widget.EditText - Search"), "samsung", 0): Text 'samsung' has been set to element 'Object Repository/1 Checkout Feature/android.widget.EditText - Search'

13-02-2024T11:06:09 - [MESSAGE][WARNING] - Timeout '0' is invalid. Using default page load timeout: '30'

13-02-2024T11:06:11 - [MESSAGE][PASSED] - Text 'samsung' has been set to element 'Object Repository/1 Checkout Feature/android.widget.EditText - Search'

13-02-2024T11:06:11 - [TEST_STEP][PASSED] - hideKeyboard(): Keyboard is hidden

13-02-2024T11:06:12 - [MESSAGE][PASSED] - Keyboard is hidden

13-02-2024T11:06:12 - [TEST_STEP][PASSED] - tap(findTestObject("Object Repository/1 Checkout Feature/android.widget.ImageView"), 0): Tapped on element 'Object Repository/1 Checkout Feature/android.widget.ImageView'

13-02-2024T11:06:12 - [MESSAGE][WARNING] - Timeout '0' is invalid. Using default page load timeout: '30'

13-02-2024T11:06:15 - [MESSAGE][PASSED] - Tapped on element 'Object Repository/1 Checkout Feature/android.widget.ImageView'

13-02-2024T11:06:15 - [TEST_STEP][PASSED] - tap(findTestObject("Object Repository/1 Checkout Feature/android.widget.Button - ADD TO CART"), 0): Tapped on element 'Object Repository/1 Checkout Feature/android.widget.Button - ADD TO CART'

13-02-2024T11:06:15 - [MESSAGE][WARNING] - Timeout '0' is invalid. Using default page load timeout: '30'

13-02-2024T11:06:15 - [MESSAGE][PASSED] - Tapped on element 'Object Repository/1 Checkout Feature/android.widget.Button - ADD TO CART'

13-02-2024T11:06:15 - [TEST_STEP][PASSED] - setText(findTestObject("Object Repository/1 Checkout Feature/android.widget.EditText"), "1", 0): Text '1' has been set to element 'Object Repository/1 Checkout Feature/android.widget.EditText'

13-02-2024T11:06:15 - [MESSAGE][WARNING] - Timeout '0' is invalid. Using default page load timeout: '30'

13-02-2024T11:06:18 - [MESSAGE][PASSED] - Text '1' has been set to element 'Object Repository/1 Checkout Feature/android.widget.EditText'

13-02-2024T11:06:18 - [TEST_STEP][PASSED] - tap(findTestObject("Object Repository/1 Checkout Feature/android.widget.Button - ADD"), 0): Tapped on element 'Object Repository/1 Checkout Feature/android.widget.Button - ADD'

13-02-2024T11:06:18 - [MESSAGE][WARNING] - Timeout '0' is invalid. Using default page load timeout: '30'

13-02-2024T11:06:19 - [MESSAGE][PASSED] - Tapped on element 'Object Repository/1 Checkout Feature/android.widget.Button - ADD'

13-02-2024T11:06:19 - [TEST_STEP][PASSED] - tap(findTestObject("Object Repository/1 Checkout Feature/android.widget.TextView (1)"), 0): Tapped on element 'Object Repository/1 Checkout Feature/android.widget.TextView (1)'

13-02-2024T11:06:19 - [MESSAGE][WARNING] - Timeout '0' is invalid. Using default page load timeout: '30'

13-02-2024T11:06:19 - [MESSAGE][PASSED] - Tapped on element 'Object Repository/1 Checkout Feature/android.widget.TextView (1)'

13-02-2024T11:06:19 - [TEST_STEP][PASSED] - delay(5): Delayed 5 second(s)

13-02-2024T11:06:24 - [MESSAGE][PASSED] - Delayed 5 second(s)

13-02-2024T11:06:24 - [TEST_STEP][PASSED] - closeApplication(): Close app successfully

13-02-2024T11:06:26 - [MESSAGE][INFO] - Cannot close application! An unknown server-side error occurred while processing the command. Original error: 'com.solodroid.solomerce' is still running after 500ms timeout
Build info: version: '3.141.59', revision: 'e82be7d358', time: '2018-11-14T08:25:53'
System info: host: 'LAPTOP-DI70DTOM', ip: '172.16.213.178', os.name: 'Windows 11', os.arch: 'amd64', os.version: '10.0', java.version: '17.0.7'
Driver info: com.kms.katalon.core.appium.driver.SwipeableAndroidDriver
Capabilities {app: C:\Users\ACER\Downloads\and..., appPackage: com.solodroid.solomerce, autoGrantPermissions: true, automationName: uiautomator2, databaseEnabled: false, desired: {app: C:\Users\ACER\Downloads\and..., autoGrantPermissions: true, automationName: uiautomator2, deviceName: emulator-5554 (Android SDK ..., fullReset: true, newCommandTimeout: 1800, noReset: false, platformName: android, platformVersion: 8.1.0, systemPort: 30258, udid: emulator-5554}, deviceApiLevel: 27, deviceManufacturer: Google, deviceModel: Android SDK built for x86, deviceName: emulator-5554, deviceScreenDensity: 420, deviceScreenSize: 1080x2400, deviceUDID: emulator-5554, fullReset: true, javascriptEnabled: true, locationContextEnabled: false, networkConnectionEnabled: true, newCommandTimeout: 1800, noReset: false, pixelRatio: 2.625, platform: LINUX, platformName: Android, platformVersion: 8.1.0, statBarHeight: 63, systemPort: 30258, takesScreenshot: true, udid: emulator-5554, viewportRect: {height: 2337, left: 0, top: 63, width: 1080}, warnings: {}, webStorageEnabled: false}
Session ID: 7351d616-21fb-4683-97a2-3f42d644003e

13-02-2024T11:06:26 - [MESSAGE][PASSED] - Close app successfully

13-02-2024T11:06:28 - [TEST_STEP][PASSED] - Video: Video recording for test case 'Test Cases/3 Add to chart' .

13-02-2024T11:06:28 - [MESSAGE][INFO] - Video recording for test case 'Test Cases/3 Add to chart' .]]></system-out>
         <system-err><![CDATA[]]></system-err>
      </testcase>
      <testcase name="Test Cases/4 Test Case Kategori" time="44.713" classname="Test Cases/4 Test Case Kategori" status="PASSED">
         <system-out><![CDATA[13-02-2024T11:06:28 - [TEST_CASE][PASSED] - Test Cases/4 Test Case Kategori: Test Cases/4 Test Case Kategori

13-02-2024T11:06:28 - [TEST_STEP][PASSED] - startApplication("C:\Users\ACER\Downloads\android\Android-Solodroid_E-CommerceApp Demo_3.2.0.apk\Solodroid_E-CommerceApp Demo_3.2.0.apk", true): Started app at: 'C:\Users\ACER\Downloads\android\Android-Solodroid_E-CommerceApp Demo_3.2.0.apk\Solodroid_E-CommerceApp Demo_3.2.0.apk'

13-02-2024T11:06:29 - [MESSAGE][INFO] - Detected NodeJS location: "C:\Program Files\nodejs\node.exe"

13-02-2024T11:06:40 - [MESSAGE][INFO] - PATH: C:\Program Files\nodejs;

13-02-2024T11:06:40 - [MESSAGE][INFO] - APPIUM_HOME: C:\Users\ACER\.appium

13-02-2024T11:06:40 - [MESSAGE][INFO] - appium outlog: C:\Users\ACER\git\Assigment-3-QA-MOBILE\Reports\20240213_110343\1 Positive Test Suite Case\20240213_110343\appium.log

13-02-2024T11:06:40 - [MESSAGE][INFO] - appium errlog: C:\Users\ACER\git\Assigment-3-QA-MOBILE\Reports\20240213_110343\1 Positive Test Suite Case\20240213_110343\appium_error.log

13-02-2024T11:06:42 - [MESSAGE][INFO] - Appium server started on port 30,529

13-02-2024T11:06:51 - [MESSAGE][PASSED] - Started app at: 'C:\Users\ACER\Downloads\android\Android-Solodroid_E-CommerceApp Demo_3.2.0.apk\Solodroid_E-CommerceApp Demo_3.2.0.apk'

13-02-2024T11:06:51 - [TEST_STEP][PASSED] - tap(findTestObject("Object Repository/2 Fitur Kategori/android.widget.FrameLayout"), 0): Tapped on element 'Object Repository/2 Fitur Kategori/android.widget.FrameLayout'

13-02-2024T11:06:51 - [MESSAGE][WARNING] - Timeout '0' is invalid. Using default page load timeout: '30'

13-02-2024T11:06:55 - [MESSAGE][PASSED] - Tapped on element 'Object Repository/2 Fitur Kategori/android.widget.FrameLayout'

13-02-2024T11:06:55 - [TEST_STEP][PASSED] - tap(findTestObject("Object Repository/2 Fitur Kategori/android.widget.RelativeLayout"), 0): Tapped on element 'Object Repository/2 Fitur Kategori/android.widget.RelativeLayout'

13-02-2024T11:06:55 - [MESSAGE][WARNING] - Timeout '0' is invalid. Using default page load timeout: '30'

13-02-2024T11:06:56 - [MESSAGE][PASSED] - Tapped on element 'Object Repository/2 Fitur Kategori/android.widget.RelativeLayout'

13-02-2024T11:06:56 - [TEST_STEP][PASSED] - tap(findTestObject("Object Repository/2 Fitur Kategori/android.widget.ImageView"), 0): Tapped on element 'Object Repository/2 Fitur Kategori/android.widget.ImageView'

13-02-2024T11:06:56 - [MESSAGE][WARNING] - Timeout '0' is invalid. Using default page load timeout: '30'

13-02-2024T11:06:58 - [MESSAGE][PASSED] - Tapped on element 'Object Repository/2 Fitur Kategori/android.widget.ImageView'

13-02-2024T11:06:58 - [TEST_STEP][PASSED] - tap(findTestObject("Object Repository/2 Fitur Kategori/android.widget.ImageButton"), 0): Tapped on element 'Object Repository/2 Fitur Kategori/android.widget.ImageButton'

13-02-2024T11:06:58 - [MESSAGE][WARNING] - Timeout '0' is invalid. Using default page load timeout: '30'

13-02-2024T11:06:58 - [MESSAGE][PASSED] - Tapped on element 'Object Repository/2 Fitur Kategori/android.widget.ImageButton'

13-02-2024T11:06:58 - [TEST_STEP][PASSED] - tap(findTestObject("Object Repository/2 Fitur Kategori/android.widget.ImageButton"), 0): Tapped on element 'Object Repository/2 Fitur Kategori/android.widget.ImageButton'

13-02-2024T11:06:58 - [MESSAGE][WARNING] - Timeout '0' is invalid. Using default page load timeout: '30'

13-02-2024T11:07:00 - [MESSAGE][PASSED] - Tapped on element 'Object Repository/2 Fitur Kategori/android.widget.ImageButton'

13-02-2024T11:07:00 - [TEST_STEP][PASSED] - tap(findTestObject("Object Repository/2 Fitur Kategori/android.widget.RelativeLayout (1)"), 0): Tapped on element 'Object Repository/2 Fitur Kategori/android.widget.RelativeLayout (1)'

13-02-2024T11:07:00 - [MESSAGE][WARNING] - Timeout '0' is invalid. Using default page load timeout: '30'

13-02-2024T11:07:03 - [MESSAGE][PASSED] - Tapped on element 'Object Repository/2 Fitur Kategori/android.widget.RelativeLayout (1)'

13-02-2024T11:07:03 - [TEST_STEP][PASSED] - tap(findTestObject("Object Repository/2 Fitur Kategori/android.widget.ImageView (1)"), 0): Tapped on element 'Object Repository/2 Fitur Kategori/android.widget.ImageView (1)'

13-02-2024T11:07:03 - [MESSAGE][WARNING] - Timeout '0' is invalid. Using default page load timeout: '30'

13-02-2024T11:07:03 - [MESSAGE][PASSED] - Tapped on element 'Object Repository/2 Fitur Kategori/android.widget.ImageView (1)'

13-02-2024T11:07:03 - [TEST_STEP][PASSED] - tap(findTestObject("Object Repository/2 Fitur Kategori/android.widget.ImageButton (1)"), 0): Tapped on element 'Object Repository/2 Fitur Kategori/android.widget.ImageButton (1)'

13-02-2024T11:07:03 - [MESSAGE][WARNING] - Timeout '0' is invalid. Using default page load timeout: '30'

13-02-2024T11:07:03 - [MESSAGE][PASSED] - Tapped on element 'Object Repository/2 Fitur Kategori/android.widget.ImageButton (1)'

13-02-2024T11:07:03 - [TEST_STEP][PASSED] - tap(findTestObject("Object Repository/2 Fitur Kategori/android.widget.ImageButton"), 0): Tapped on element 'Object Repository/2 Fitur Kategori/android.widget.ImageButton'

13-02-2024T11:07:03 - [MESSAGE][WARNING] - Timeout '0' is invalid. Using default page load timeout: '30'

13-02-2024T11:07:04 - [MESSAGE][PASSED] - Tapped on element 'Object Repository/2 Fitur Kategori/android.widget.ImageButton'

13-02-2024T11:07:04 - [TEST_STEP][PASSED] - delay(5): Delayed 5 second(s)

13-02-2024T11:07:09 - [MESSAGE][PASSED] - Delayed 5 second(s)

13-02-2024T11:07:09 - [TEST_STEP][PASSED] - closeApplication(): Close app successfully

13-02-2024T11:07:11 - [MESSAGE][PASSED] - Close app successfully

13-02-2024T11:07:13 - [TEST_STEP][PASSED] - Video: Video recording for test case 'Test Cases/4 Test Case Kategori' .

13-02-2024T11:07:13 - [MESSAGE][INFO] - Video recording for test case 'Test Cases/4 Test Case Kategori' .]]></system-out>
         <system-err><![CDATA[]]></system-err>
      </testcase>
      <testcase name="Test Cases/5 Test Case - Help (payment, how to order etc)" time="38.594" classname="Test Cases/5 Test Case - Help (payment, how to order etc)" status="PASSED">
         <system-out><![CDATA[13-02-2024T11:07:13 - [TEST_CASE][PASSED] - Test Cases/5 Test Case - Help (payment, how to order etc): Test Cases/5 Test Case - Help (payment, how to order etc)

13-02-2024T11:07:13 - [TEST_STEP][PASSED] - startApplication("C:\Users\ACER\Downloads\android\Android-Solodroid_E-CommerceApp Demo_3.2.0.apk\Solodroid_E-CommerceApp Demo_3.2.0.apk", true): Started app at: 'C:\Users\ACER\Downloads\android\Android-Solodroid_E-CommerceApp Demo_3.2.0.apk\Solodroid_E-CommerceApp Demo_3.2.0.apk'

13-02-2024T11:07:13 - [MESSAGE][INFO] - Detected NodeJS location: "C:\Program Files\nodejs\node.exe"

13-02-2024T11:07:19 - [MESSAGE][INFO] - PATH: C:\Program Files\nodejs;

13-02-2024T11:07:19 - [MESSAGE][INFO] - APPIUM_HOME: C:\Users\ACER\.appium

13-02-2024T11:07:19 - [MESSAGE][INFO] - appium outlog: C:\Users\ACER\git\Assigment-3-QA-MOBILE\Reports\20240213_110343\1 Positive Test Suite Case\20240213_110343\appium.log

13-02-2024T11:07:19 - [MESSAGE][INFO] - appium errlog: C:\Users\ACER\git\Assigment-3-QA-MOBILE\Reports\20240213_110343\1 Positive Test Suite Case\20240213_110343\appium_error.log

13-02-2024T11:07:22 - [MESSAGE][INFO] - Appium server started on port 30,767

13-02-2024T11:07:30 - [MESSAGE][PASSED] - Started app at: 'C:\Users\ACER\Downloads\android\Android-Solodroid_E-CommerceApp Demo_3.2.0.apk\Solodroid_E-CommerceApp Demo_3.2.0.apk'

13-02-2024T11:07:30 - [TEST_STEP][PASSED] - tap(findTestObject("Object Repository/Fitur Help/android.widget.FrameLayout (1)"), 0): Tapped on element 'Object Repository/Fitur Help/android.widget.FrameLayout (1)'

13-02-2024T11:07:30 - [MESSAGE][WARNING] - Timeout '0' is invalid. Using default page load timeout: '30'

13-02-2024T11:07:35 - [MESSAGE][PASSED] - Tapped on element 'Object Repository/Fitur Help/android.widget.FrameLayout (1)'

13-02-2024T11:07:35 - [TEST_STEP][PASSED] - tap(findTestObject("Object Repository/Fitur Help/android.widget.RelativeLayout"), 0): Tapped on element 'Object Repository/Fitur Help/android.widget.RelativeLayout'

13-02-2024T11:07:35 - [MESSAGE][WARNING] - Timeout '0' is invalid. Using default page load timeout: '30'

13-02-2024T11:07:38 - [MESSAGE][PASSED] - Tapped on element 'Object Repository/Fitur Help/android.widget.RelativeLayout'

13-02-2024T11:07:38 - [TEST_STEP][PASSED] - tap(findTestObject("Object Repository/Fitur Help/android.widget.ImageButton"), 0): Tapped on element 'Object Repository/Fitur Help/android.widget.ImageButton'

13-02-2024T11:07:38 - [MESSAGE][WARNING] - Timeout '0' is invalid. Using default page load timeout: '30'

13-02-2024T11:07:38 - [MESSAGE][PASSED] - Tapped on element 'Object Repository/Fitur Help/android.widget.ImageButton'

13-02-2024T11:07:38 - [TEST_STEP][PASSED] - tap(findTestObject("Object Repository/Fitur Help/android.widget.RelativeLayout (1)"), 0): Tapped on element 'Object Repository/Fitur Help/android.widget.RelativeLayout (1)'

13-02-2024T11:07:38 - [MESSAGE][WARNING] - Timeout '0' is invalid. Using default page load timeout: '30'

13-02-2024T11:07:41 - [MESSAGE][PASSED] - Tapped on element 'Object Repository/Fitur Help/android.widget.RelativeLayout (1)'

13-02-2024T11:07:41 - [TEST_STEP][PASSED] - tap(findTestObject("Object Repository/Fitur Help/android.widget.ImageButton"), 0): Tapped on element 'Object Repository/Fitur Help/android.widget.ImageButton'

13-02-2024T11:07:41 - [MESSAGE][WARNING] - Timeout '0' is invalid. Using default page load timeout: '30'

13-02-2024T11:07:41 - [MESSAGE][PASSED] - Tapped on element 'Object Repository/Fitur Help/android.widget.ImageButton'

13-02-2024T11:07:41 - [TEST_STEP][PASSED] - tap(findTestObject("Object Repository/Fitur Help/android.widget.RelativeLayout (2)"), 0): Tapped on element 'Object Repository/Fitur Help/android.widget.RelativeLayout (2)'

13-02-2024T11:07:41 - [MESSAGE][WARNING] - Timeout '0' is invalid. Using default page load timeout: '30'

13-02-2024T11:07:42 - [MESSAGE][PASSED] - Tapped on element 'Object Repository/Fitur Help/android.widget.RelativeLayout (2)'

13-02-2024T11:07:42 - [TEST_STEP][PASSED] - tap(findTestObject("Object Repository/Fitur Help/android.widget.ImageButton"), 0): Tapped on element 'Object Repository/Fitur Help/android.widget.ImageButton'

13-02-2024T11:07:42 - [MESSAGE][WARNING] - Timeout '0' is invalid. Using default page load timeout: '30'

13-02-2024T11:07:43 - [MESSAGE][PASSED] - Tapped on element 'Object Repository/Fitur Help/android.widget.ImageButton'

13-02-2024T11:07:43 - [TEST_STEP][PASSED] - tap(findTestObject("Object Repository/Fitur Help/android.widget.RelativeLayout (3)"), 0): Tapped on element 'Object Repository/Fitur Help/android.widget.RelativeLayout (3)'

13-02-2024T11:07:43 - [MESSAGE][WARNING] - Timeout '0' is invalid. Using default page load timeout: '30'

13-02-2024T11:07:45 - [MESSAGE][PASSED] - Tapped on element 'Object Repository/Fitur Help/android.widget.RelativeLayout (3)'

13-02-2024T11:07:45 - [TEST_STEP][PASSED] - tap(findTestObject("Object Repository/Fitur Help/android.widget.ImageButton"), 0): Tapped on element 'Object Repository/Fitur Help/android.widget.ImageButton'

13-02-2024T11:07:45 - [MESSAGE][WARNING] - Timeout '0' is invalid. Using default page load timeout: '30'

13-02-2024T11:07:46 - [MESSAGE][PASSED] - Tapped on element 'Object Repository/Fitur Help/android.widget.ImageButton'

13-02-2024T11:07:46 - [TEST_STEP][PASSED] - tap(findTestObject("Object Repository/Fitur Help/android.widget.RelativeLayout (4)"), 0): Tapped on element 'Object Repository/Fitur Help/android.widget.RelativeLayout (4)'

13-02-2024T11:07:46 - [MESSAGE][WARNING] - Timeout '0' is invalid. Using default page load timeout: '30'

13-02-2024T11:07:48 - [MESSAGE][PASSED] - Tapped on element 'Object Repository/Fitur Help/android.widget.RelativeLayout (4)'

13-02-2024T11:07:48 - [TEST_STEP][PASSED] - tap(findTestObject("Object Repository/Fitur Help/android.widget.ImageButton"), 0): Tapped on element 'Object Repository/Fitur Help/android.widget.ImageButton'

13-02-2024T11:07:48 - [MESSAGE][WARNING] - Timeout '0' is invalid. Using default page load timeout: '30'

13-02-2024T11:07:48 - [MESSAGE][PASSED] - Tapped on element 'Object Repository/Fitur Help/android.widget.ImageButton'

13-02-2024T11:07:48 - [TEST_STEP][PASSED] - closeApplication(): Close app successfully

13-02-2024T11:07:50 - [MESSAGE][PASSED] - Close app successfully

13-02-2024T11:07:52 - [TEST_STEP][PASSED] - Video: Video recording for test case 'Test Cases/5 Test Case - Help (payment, how to order etc)' .

13-02-2024T11:07:52 - [MESSAGE][INFO] - Video recording for test case 'Test Cases/5 Test Case - Help (payment, how to order etc)' .]]></system-out>
         <system-err><![CDATA[]]></system-err>
      </testcase>
      <system-out><![CDATA[13-02-2024T11:03:51 - [TEST_SUITE][PASSED] - 1 Positive Test Suite Case: Test Cases/5 Test Case - Help (payment, how to order etc)]]></system-out>
      <system-err><![CDATA[]]></system-err>
   </testsuite>
</testsuites>
